#
# A fatal error has been detected by the Java Runtime Environment:
#
#  EXCEPTION_ACCESS_VIOLATION (0xc0000005) at pc=0x00007ffeaffe6680, pid=11996, tid=15724
#
# JRE version: Java(TM) SE Runtime Environment 18.9 (11.0.11+9) (build 11.0.11+9-LTS-194)
# Java VM: Java HotSpot(TM) 64-Bit Server VM 18.9 (11.0.11+9-LTS-194, mixed mode, tiered, compressed oops, g1 gc, windows-amd64)
# Problematic frame:
# V  [jvm.dll+0x106680]
#
# No core dump will be written. Minidumps are not enabled by default on client versions of Windows
#
# If you would like to submit a bug report, please visit:
#   https://bugreport.java.com/bugreport/crash.jsp
#

---------------  S U M M A R Y ------------

Command Line: -javaagent:C:\Program Files\JetBrains\IntelliJ IDEA Community Edition 2021.1\lib\idea_rt.jar=60276:C:\Program Files\JetBrains\IntelliJ IDEA Community Edition 2021.1\bin -Dfile.encoding=UTF-8 classes.Presentation

Host: Intel(R) Core(TM) i5-9500 CPU @ 3.00GHz, 6 cores, 15G,  Windows 10 , 64 bit Build 19041 (10.0.19041.1202)
Time: Sun Oct 17 22:03:07 2021 Œrodkowoeuropejski czas letni elapsed time: 0.557074 seconds (0d 0h 0m 0s)

---------------  T H R E A D  ---------------

Current thread (0x0000019a0a82c800):  JavaThread "WindowsNativeRunloopThread" [_thread_in_vm, id=15724, stack(0x0000003628800000,0x0000003628900000)]

Stack: [0x0000003628800000,0x0000003628900000],  sp=0x00000036288ff128,  free space=1020k
Native frames: (J=compiled Java code, j=interpreted, Vv=VM code, C=native code)
V  [jvm.dll+0x106680]

Java frames: (J=compiled Java code, j=interpreted, Vv=VM code)
j  com.sun.glass.ui.win.WinApplication._runLoop(Ljava/lang/Runnable;)V+0
j  com.sun.glass.ui.win.WinApplication.lambda$runLoop$3(ILjava/lang/Runnable;)V+8
j  com.sun.glass.ui.win.WinApplication$$Lambda$65.run()V+12
j  java.lang.Thread.run()V+11 java.base@11.0.11
v  ~StubRoutines::call_stub

siginfo: EXCEPTION_ACCESS_VIOLATION (0xc0000005), reading address 0x0000000000000004


Register to memory mapping:

RIP=0x00007ffeaffe6680 jvm.dll
RAX=0x0 is NULL
RBX=0x0000019a0a82c800 is a thread
RCX=0x0000000000000004 is an unknown value
RDX=0x0000000000000006 is an unknown value
RSP=0x00000036288ff128 is pointing into the stack for thread: 0x0000019a0a82c800
RBP=0x00000036288ff200 is pointing into the stack for thread: 0x0000019a0a82c800
RSI=0x0000019a0a82c800 is a thread
RDI=0x0000000000000004 is an unknown value
R8 =0x00000036288ff0e8 is pointing into the stack for thread: 0x0000019a0a82c800
R9 =0x0000000000000001 is an unknown value
R10=0x0 is NULL
R11=0x0000000000000246 is an unknown value
R12=0x0 is NULL
R13={method} {0x0000019a0b880ae0} '_runLoop' '(Ljava/lang/Runnable;)V' in 'com/sun/glass/ui/win/WinApplication'
R14=0x0000019a0a82cb48 points into unknown readable memory: 00 9d 8a b0 fe 7f 00 00
R15=0x0000019a0a82c800 is a thread


Registers:
RAX=0x0000000000000000, RBX=0x0000019a0a82c800, RCX=0x0000000000000004, RDX=0x0000000000000006
RSP=0x00000036288ff128, RBP=0x00000036288ff200, RSI=0x0000019a0a82c800, RDI=0x0000000000000004
R8 =0x00000036288ff0e8, R9 =0x0000000000000001, R10=0x0000000000000000, R11=0x0000000000000246
R12=0x0000000000000000, R13=0x0000019a0b880ad8, R14=0x0000019a0a82cb48, R15=0x0000019a0a82c800
RIP=0x00007ffeaffe6680, EFLAGS=0x0000000000010246

Top of Stack: (sp=0x00000036288ff128)
0x00000036288ff128:   00007ffeb02896d2 0000019a0a82c800
0x00000036288ff138:   00007ffefe04d22f 0000019a0a6dd660
0x00000036288ff148:   0000000000000000 0000019a0a82c800
0x00000036288ff158:   0000000000000000 00000036288ff280
0x00000036288ff168:   0000000000000004 00000036288ff280
0x00000036288ff178:   000000006a911c2b 0000000000000000
0x00000036288ff188:   00000036288ff278 0000019a0a82cb48
0x00000036288ff198:   0000000000000004 0000019a0b880ad8
0x00000036288ff1a8:   0000019a6d64f1c0 0000019a0a82c800
0x00000036288ff1b8:   0000019a0b880ad8 0000019a0a82c800
0x00000036288ff1c8:   0000000000000000 0000019a6d649c10
0x00000036288ff1d8:   0000019a6d64f377 0000019a0b880ad8
0x00000036288ff1e8:   00000036288ff258 00000036288ff840
0x00000036288ff1f8:   00000036288ff840 00000036288ff840
0x00000036288ff208:   0000019a6d64f016 00000036288ff210
0x00000036288ff218:   0000019a0b880ad8 00000036288ff280 

Instructions: (pc=0x00007ffeaffe6680)
0x00007ffeaffe6660:   48 ff e0 48 8d 05 16 00 00 00 48 8b cb 48 89 05
0x00007ffeaffe6670:   c4 f3 8b 00 48 83 c4 20 5b 48 ff e0 cc cc cc cc
0x00007ffeaffe6680:   48 8b 01 c3 cc cc cc cc cc cc cc cc cc cc cc cc
0x00007ffeaffe6690:   8b 01 85 c0 75 03 33 c0 c3 8b 0d 29 da 8d 00 48 


Stack slot to memory mapping:
stack at sp + 0 slots: 0x00007ffeb02896d2 jvm.dll
stack at sp + 1 slots: 0x0000019a0a82c800 is a thread
stack at sp + 2 slots: 0x00007ffefe04d22f ole32.dll
stack at sp + 3 slots: 0x0000019a0a6dd660 points into unknown readable memory: 00 00 00 00 00 00 00 00
stack at sp + 4 slots: 0x0 is NULL
stack at sp + 5 slots: 0x0000019a0a82c800 is a thread
stack at sp + 6 slots: 0x0 is NULL
stack at sp + 7 slots: 0x00000036288ff280 is pointing into the stack for thread: 0x0000019a0a82c800


---------------  P R O C E S S  ---------------

Threads class SMR info:
_java_thread_list=0x0000019a0a676b30, length=16, elements={
0x0000019a65178800, 0x0000019a7efed800, 0x0000019a7eff6000, 0x0000019a7f8cb800,
0x0000019a7f8ce000, 0x0000019a7f8cf000, 0x0000019a7f929000, 0x0000019a7f92c000,
0x0000019a7ef85800, 0x0000019a7fa60800, 0x0000019a0a030800, 0x0000019a0a031000,
0x0000019a0a37e000, 0x0000019a0a799800, 0x0000019a0a82c000, 0x0000019a0a82c800
}

Java Threads: ( => current thread )
  0x0000019a65178800 JavaThread "main" [_thread_blocked, id=13288, stack(0x0000003627100000,0x0000003627200000)]
  0x0000019a7efed800 JavaThread "Reference Handler" daemon [_thread_blocked, id=5968, stack(0x0000003627800000,0x0000003627900000)]
  0x0000019a7eff6000 JavaThread "Finalizer" daemon [_thread_blocked, id=2924, stack(0x0000003627900000,0x0000003627a00000)]
  0x0000019a7f8cb800 JavaThread "Signal Dispatcher" daemon [_thread_blocked, id=9104, stack(0x0000003627a00000,0x0000003627b00000)]
  0x0000019a7f8ce000 JavaThread "Attach Listener" daemon [_thread_blocked, id=10156, stack(0x0000003627b00000,0x0000003627c00000)]
  0x0000019a7f8cf000 JavaThread "C2 CompilerThread0" daemon [_thread_blocked, id=11388, stack(0x0000003627c00000,0x0000003627d00000)]
  0x0000019a7f929000 JavaThread "C1 CompilerThread0" daemon [_thread_blocked, id=14736, stack(0x0000003627d00000,0x0000003627e00000)]
  0x0000019a7f92c000 JavaThread "Sweeper thread" daemon [_thread_blocked, id=9840, stack(0x0000003627e00000,0x0000003627f00000)]
  0x0000019a7ef85800 JavaThread "Common-Cleaner" daemon [_thread_blocked, id=14924, stack(0x0000003627f00000,0x0000003628000000)]
  0x0000019a7fa60800 JavaThread "C2 CompilerThread1" daemon [_thread_blocked, id=12660, stack(0x0000003628000000,0x0000003628100000)]
  0x0000019a0a030800 JavaThread "Monitor Ctrl-Break" daemon [_thread_in_native, id=4432, stack(0x0000003628100000,0x0000003628200000)]
  0x0000019a0a031000 JavaThread "Service Thread" daemon [_thread_blocked, id=10104, stack(0x0000003628200000,0x0000003628300000)]
  0x0000019a0a37e000 JavaThread "JavaFX-Launcher" [_thread_blocked, id=12692, stack(0x0000003628400000,0x0000003628500000)]
  0x0000019a0a799800 JavaThread "QuantumRenderer-0" daemon [_thread_blocked, id=2376, stack(0x0000003628500000,0x0000003628600000)]
  0x0000019a0a82c000 JavaThread "InvokeLaterDispatcher" daemon [_thread_blocked, id=6044, stack(0x0000003628700000,0x0000003628800000)]
=>0x0000019a0a82c800 JavaThread "WindowsNativeRunloopThread" [_thread_in_vm, id=15724, stack(0x0000003628800000,0x0000003628900000)]

Other Threads:
  0x0000019a7efca800 VMThread "VM Thread" [stack: 0x0000003627700000,0x0000003627800000] [id=1736]
  0x0000019a0a032800 WatcherThread [stack: 0x0000003628300000,0x0000003628400000] [id=1924]
  0x0000019a6518e800 GCTaskThread "GC Thread#0" [stack: 0x0000003627200000,0x0000003627300000] [id=5252]
  0x0000019a0a82e000 GCTaskThread "GC Thread#1" [stack: 0x0000003628900000,0x0000003628a00000] [id=10800]
  0x0000019a0a9d6800 GCTaskThread "GC Thread#2" [stack: 0x0000003628a00000,0x0000003628b00000] [id=8896]
  0x0000019a0a9d7000 GCTaskThread "GC Thread#3" [stack: 0x0000003628b00000,0x0000003628c00000] [id=11768]
  0x0000019a0a9d8000 GCTaskThread "GC Thread#4" [stack: 0x0000003628c00000,0x0000003628d00000] [id=16016]
  0x0000019a0a9d9000 GCTaskThread "GC Thread#5" [stack: 0x0000003628d00000,0x0000003628e00000] [id=9392]
  0x0000019a651ea000 ConcurrentGCThread "G1 Main Marker" [stack: 0x0000003627300000,0x0000003627400000] [id=1052]
  0x0000019a651eb800 ConcurrentGCThread "G1 Conc#0" [stack: 0x0000003627400000,0x0000003627500000] [id=10688]
  0x0000019a7eea4000 ConcurrentGCThread "G1 Refine#0" [stack: 0x0000003627500000,0x0000003627600000] [id=15420]
  0x0000019a7eea6000 ConcurrentGCThread "G1 Young RemSet Sampling" [stack: 0x0000003627600000,0x0000003627700000] [id=14220]

Threads with active compile tasks:

VM state:not at safepoint (normal execution)

VM Mutex/Monitor currently owned by a thread: None

Heap address: 0x0000000701000000, size: 4080 MB, Compressed Oops mode: Zero based, Oop shift amount: 3
Narrow klass base: 0x0000000800000000, Narrow klass shift: 0
Compressed class space size: 1073741824 Address: 0x0000000800000000

Heap:
 garbage-first heap   total 262144K, used 3824K [0x0000000701000000, 0x0000000800000000)
  region size 1024K, 4 young (4096K), 3 survivors (3072K)
 Metaspace       used 12955K, capacity 13231K, committed 13312K, reserved 1060864K
  class space    used 1352K, capacity 1461K, committed 1536K, reserved 1048576K
Heap Regions: E=young(eden), S=young(survivor), O=old, HS=humongous(starts), HC=humongous(continues), CS=collection set, F=free, A=archive, TAMS=top-at-mark-start (previous, next)
|   0|0x0000000701000000, 0x00000007010bc000, 0x0000000701100000| 73%| O|  |TAMS 0x0000000701000000, 0x0000000701000000| Untracked 
|   1|0x0000000701100000, 0x0000000701100000, 0x0000000701200000|  0%| F|  |TAMS 0x0000000701100000, 0x0000000701100000| Untracked 
|   2|0x0000000701200000, 0x0000000701200000, 0x0000000701300000|  0%| F|  |TAMS 0x0000000701200000, 0x0000000701200000| Untracked 
|   3|0x0000000701300000, 0x0000000701300000, 0x0000000701400000|  0%| F|  |TAMS 0x0000000701300000, 0x0000000701300000| Untracked 
|   4|0x0000000701400000, 0x0000000701400000, 0x0000000701500000|  0%| F|  |TAMS 0x0000000701400000, 0x0000000701400000| Untracked 
|   5|0x0000000701500000, 0x0000000701500000, 0x0000000701600000|  0%| F|  |TAMS 0x0000000701500000, 0x0000000701500000| Untracked 
|   6|0x0000000701600000, 0x0000000701600000, 0x0000000701700000|  0%| F|  |TAMS 0x0000000701600000, 0x0000000701600000| Untracked 
|   7|0x0000000701700000, 0x0000000701700000, 0x0000000701800000|  0%| F|  |TAMS 0x0000000701700000, 0x0000000701700000| Untracked 
|   8|0x0000000701800000, 0x0000000701800000, 0x0000000701900000|  0%| F|  |TAMS 0x0000000701800000, 0x0000000701800000| Untracked 
|   9|0x0000000701900000, 0x0000000701900000, 0x0000000701a00000|  0%| F|  |TAMS 0x0000000701900000, 0x0000000701900000| Untracked 
|  10|0x0000000701a00000, 0x0000000701a00000, 0x0000000701b00000|  0%| F|  |TAMS 0x0000000701a00000, 0x0000000701a00000| Untracked 
|  11|0x0000000701b00000, 0x0000000701b00000, 0x0000000701c00000|  0%| F|  |TAMS 0x0000000701b00000, 0x0000000701b00000| Untracked 
|  12|0x0000000701c00000, 0x0000000701c00000, 0x0000000701d00000|  0%| F|  |TAMS 0x0000000701c00000, 0x0000000701c00000| Untracked 
|  13|0x0000000701d00000, 0x0000000701d00000, 0x0000000701e00000|  0%| F|  |TAMS 0x0000000701d00000, 0x0000000701d00000| Untracked 
|  14|0x0000000701e00000, 0x0000000701e00000, 0x0000000701f00000|  0%| F|  |TAMS 0x0000000701e00000, 0x0000000701e00000| Untracked 
|  15|0x0000000701f00000, 0x0000000701f00000, 0x0000000702000000|  0%| F|  |TAMS 0x0000000701f00000, 0x0000000701f00000| Untracked 
|  16|0x0000000702000000, 0x0000000702000000, 0x0000000702100000|  0%| F|  |TAMS 0x0000000702000000, 0x0000000702000000| Untracked 
|  17|0x0000000702100000, 0x0000000702100000, 0x0000000702200000|  0%| F|  |TAMS 0x0000000702100000, 0x0000000702100000| Untracked 
|  18|0x0000000702200000, 0x0000000702200000, 0x0000000702300000|  0%| F|  |TAMS 0x0000000702200000, 0x0000000702200000| Untracked 
|  19|0x0000000702300000, 0x0000000702300000, 0x0000000702400000|  0%| F|  |TAMS 0x0000000702300000, 0x0000000702300000| Untracked 
|  20|0x0000000702400000, 0x0000000702400000, 0x0000000702500000|  0%| F|  |TAMS 0x0000000702400000, 0x0000000702400000| Untracked 
|  21|0x0000000702500000, 0x0000000702500000, 0x0000000702600000|  0%| F|  |TAMS 0x0000000702500000, 0x0000000702500000| Untracked 
|  22|0x0000000702600000, 0x0000000702600000, 0x0000000702700000|  0%| F|  |TAMS 0x0000000702600000, 0x0000000702600000| Untracked 
|  23|0x0000000702700000, 0x0000000702700000, 0x0000000702800000|  0%| F|  |TAMS 0x0000000702700000, 0x0000000702700000| Untracked 
|  24|0x0000000702800000, 0x0000000702800000, 0x0000000702900000|  0%| F|  |TAMS 0x0000000702800000, 0x0000000702800000| Untracked 
|  25|0x0000000702900000, 0x0000000702900000, 0x0000000702a00000|  0%| F|  |TAMS 0x0000000702900000, 0x0000000702900000| Untracked 
|  26|0x0000000702a00000, 0x0000000702a00000, 0x0000000702b00000|  0%| F|  |TAMS 0x0000000702a00000, 0x0000000702a00000| Untracked 
|  27|0x0000000702b00000, 0x0000000702b00000, 0x0000000702c00000|  0%| F|  |TAMS 0x0000000702b00000, 0x0000000702b00000| Untracked 
|  28|0x0000000702c00000, 0x0000000702c00000, 0x0000000702d00000|  0%| F|  |TAMS 0x0000000702c00000, 0x0000000702c00000| Untracked 
|  29|0x0000000702d00000, 0x0000000702d00000, 0x0000000702e00000|  0%| F|  |TAMS 0x0000000702d00000, 0x0000000702d00000| Untracked 
|  30|0x0000000702e00000, 0x0000000702e00000, 0x0000000702f00000|  0%| F|  |TAMS 0x0000000702e00000, 0x0000000702e00000| Untracked 
|  31|0x0000000702f00000, 0x0000000702f00000, 0x0000000703000000|  0%| F|  |TAMS 0x0000000702f00000, 0x0000000702f00000| Untracked 
|  32|0x0000000703000000, 0x0000000703000000, 0x0000000703100000|  0%| F|  |TAMS 0x0000000703000000, 0x0000000703000000| Untracked 
|  33|0x0000000703100000, 0x0000000703100000, 0x0000000703200000|  0%| F|  |TAMS 0x0000000703100000, 0x0000000703100000| Untracked 
|  34|0x0000000703200000, 0x0000000703200000, 0x0000000703300000|  0%| F|  |TAMS 0x0000000703200000, 0x0000000703200000| Untracked 
|  35|0x0000000703300000, 0x0000000703300000, 0x0000000703400000|  0%| F|  |TAMS 0x0000000703300000, 0x0000000703300000| Untracked 
|  36|0x0000000703400000, 0x0000000703400000, 0x0000000703500000|  0%| F|  |TAMS 0x0000000703400000, 0x0000000703400000| Untracked 
|  37|0x0000000703500000, 0x0000000703500000, 0x0000000703600000|  0%| F|  |TAMS 0x0000000703500000, 0x0000000703500000| Untracked 
|  38|0x0000000703600000, 0x0000000703600000, 0x0000000703700000|  0%| F|  |TAMS 0x0000000703600000, 0x0000000703600000| Untracked 
|  39|0x0000000703700000, 0x0000000703700000, 0x0000000703800000|  0%| F|  |TAMS 0x0000000703700000, 0x0000000703700000| Untracked 
|  40|0x0000000703800000, 0x0000000703800000, 0x0000000703900000|  0%| F|  |TAMS 0x0000000703800000, 0x0000000703800000| Untracked 
|  41|0x0000000703900000, 0x0000000703900000, 0x0000000703a00000|  0%| F|  |TAMS 0x0000000703900000, 0x0000000703900000| Untracked 
|  42|0x0000000703a00000, 0x0000000703a00000, 0x0000000703b00000|  0%| F|  |TAMS 0x0000000703a00000, 0x0000000703a00000| Untracked 
|  43|0x0000000703b00000, 0x0000000703b00000, 0x0000000703c00000|  0%| F|  |TAMS 0x0000000703b00000, 0x0000000703b00000| Untracked 
|  44|0x0000000703c00000, 0x0000000703c00000, 0x0000000703d00000|  0%| F|  |TAMS 0x0000000703c00000, 0x0000000703c00000| Untracked 
|  45|0x0000000703d00000, 0x0000000703d00000, 0x0000000703e00000|  0%| F|  |TAMS 0x0000000703d00000, 0x0000000703d00000| Untracked 
|  46|0x0000000703e00000, 0x0000000703e00000, 0x0000000703f00000|  0%| F|  |TAMS 0x0000000703e00000, 0x0000000703e00000| Untracked 
|  47|0x0000000703f00000, 0x0000000703f00000, 0x0000000704000000|  0%| F|  |TAMS 0x0000000703f00000, 0x0000000703f00000| Untracked 
|  48|0x0000000704000000, 0x0000000704000000, 0x0000000704100000|  0%| F|  |TAMS 0x0000000704000000, 0x0000000704000000| Untracked 
|  49|0x0000000704100000, 0x0000000704100000, 0x0000000704200000|  0%| F|  |TAMS 0x0000000704100000, 0x0000000704100000| Untracked 
|  50|0x0000000704200000, 0x0000000704200000, 0x0000000704300000|  0%| F|  |TAMS 0x0000000704200000, 0x0000000704200000| Untracked 
|  51|0x0000000704300000, 0x0000000704300000, 0x0000000704400000|  0%| F|  |TAMS 0x0000000704300000, 0x0000000704300000| Untracked 
|  52|0x0000000704400000, 0x0000000704400000, 0x0000000704500000|  0%| F|  |TAMS 0x0000000704400000, 0x0000000704400000| Untracked 
|  53|0x0000000704500000, 0x0000000704500000, 0x0000000704600000|  0%| F|  |TAMS 0x0000000704500000, 0x0000000704500000| Untracked 
|  54|0x0000000704600000, 0x0000000704600000, 0x0000000704700000|  0%| F|  |TAMS 0x0000000704600000, 0x0000000704600000| Untracked 
|  55|0x0000000704700000, 0x0000000704700000, 0x0000000704800000|  0%| F|  |TAMS 0x0000000704700000, 0x0000000704700000| Untracked 
|  56|0x0000000704800000, 0x0000000704800000, 0x0000000704900000|  0%| F|  |TAMS 0x0000000704800000, 0x0000000704800000| Untracked 
|  57|0x0000000704900000, 0x0000000704900000, 0x0000000704a00000|  0%| F|  |TAMS 0x0000000704900000, 0x0000000704900000| Untracked 
|  58|0x0000000704a00000, 0x0000000704a00000, 0x0000000704b00000|  0%| F|  |TAMS 0x0000000704a00000, 0x0000000704a00000| Untracked 
|  59|0x0000000704b00000, 0x0000000704b00000, 0x0000000704c00000|  0%| F|  |TAMS 0x0000000704b00000, 0x0000000704b00000| Untracked 
|  60|0x0000000704c00000, 0x0000000704c00000, 0x0000000704d00000|  0%| F|  |TAMS 0x0000000704c00000, 0x0000000704c00000| Untracked 
|  61|0x0000000704d00000, 0x0000000704d00000, 0x0000000704e00000|  0%| F|  |TAMS 0x0000000704d00000, 0x0000000704d00000| Untracked 
|  62|0x0000000704e00000, 0x0000000704e00000, 0x0000000704f00000|  0%| F|  |TAMS 0x0000000704e00000, 0x0000000704e00000| Untracked 
|  63|0x0000000704f00000, 0x0000000704f00000, 0x0000000705000000|  0%| F|  |TAMS 0x0000000704f00000, 0x0000000704f00000| Untracked 
|  64|0x0000000705000000, 0x0000000705000000, 0x0000000705100000|  0%| F|  |TAMS 0x0000000705000000, 0x0000000705000000| Untracked 
|  65|0x0000000705100000, 0x0000000705100000, 0x0000000705200000|  0%| F|  |TAMS 0x0000000705100000, 0x0000000705100000| Untracked 
|  66|0x0000000705200000, 0x0000000705200000, 0x0000000705300000|  0%| F|  |TAMS 0x0000000705200000, 0x0000000705200000| Untracked 
|  67|0x0000000705300000, 0x0000000705300000, 0x0000000705400000|  0%| F|  |TAMS 0x0000000705300000, 0x0000000705300000| Untracked 
|  68|0x0000000705400000, 0x0000000705400000, 0x0000000705500000|  0%| F|  |TAMS 0x0000000705400000, 0x0000000705400000| Untracked 
|  69|0x0000000705500000, 0x0000000705500000, 0x0000000705600000|  0%| F|  |TAMS 0x0000000705500000, 0x0000000705500000| Untracked 
|  70|0x0000000705600000, 0x0000000705600000, 0x0000000705700000|  0%| F|  |TAMS 0x0000000705600000, 0x0000000705600000| Untracked 
|  71|0x0000000705700000, 0x0000000705700000, 0x0000000705800000|  0%| F|  |TAMS 0x0000000705700000, 0x0000000705700000| Untracked 
|  72|0x0000000705800000, 0x0000000705800000, 0x0000000705900000|  0%| F|  |TAMS 0x0000000705800000, 0x0000000705800000| Untracked 
|  73|0x0000000705900000, 0x0000000705900000, 0x0000000705a00000|  0%| F|  |TAMS 0x0000000705900000, 0x0000000705900000| Untracked 
|  74|0x0000000705a00000, 0x0000000705a00000, 0x0000000705b00000|  0%| F|  |TAMS 0x0000000705a00000, 0x0000000705a00000| Untracked 
|  75|0x0000000705b00000, 0x0000000705b00000, 0x0000000705c00000|  0%| F|  |TAMS 0x0000000705b00000, 0x0000000705b00000| Untracked 
|  76|0x0000000705c00000, 0x0000000705c00000, 0x0000000705d00000|  0%| F|  |TAMS 0x0000000705c00000, 0x0000000705c00000| Untracked 
|  77|0x0000000705d00000, 0x0000000705d00000, 0x0000000705e00000|  0%| F|  |TAMS 0x0000000705d00000, 0x0000000705d00000| Untracked 
|  78|0x0000000705e00000, 0x0000000705e00000, 0x0000000705f00000|  0%| F|  |TAMS 0x0000000705e00000, 0x0000000705e00000| Untracked 
|  79|0x0000000705f00000, 0x0000000705f00000, 0x0000000706000000|  0%| F|  |TAMS 0x0000000705f00000, 0x0000000705f00000| Untracked 
|  80|0x0000000706000000, 0x0000000706000000, 0x0000000706100000|  0%| F|  |TAMS 0x0000000706000000, 0x0000000706000000| Untracked 
|  81|0x0000000706100000, 0x0000000706100000, 0x0000000706200000|  0%| F|  |TAMS 0x0000000706100000, 0x0000000706100000| Untracked 
|  82|0x0000000706200000, 0x0000000706200000, 0x0000000706300000|  0%| F|  |TAMS 0x0000000706200000, 0x0000000706200000| Untracked 
|  83|0x0000000706300000, 0x0000000706300000, 0x0000000706400000|  0%| F|  |TAMS 0x0000000706300000, 0x0000000706300000| Untracked 
|  84|0x0000000706400000, 0x0000000706400000, 0x0000000706500000|  0%| F|  |TAMS 0x0000000706400000, 0x0000000706400000| Untracked 
|  85|0x0000000706500000, 0x0000000706500000, 0x0000000706600000|  0%| F|  |TAMS 0x0000000706500000, 0x0000000706500000| Untracked 
|  86|0x0000000706600000, 0x0000000706600000, 0x0000000706700000|  0%| F|  |TAMS 0x0000000706600000, 0x0000000706600000| Untracked 
|  87|0x0000000706700000, 0x0000000706700000, 0x0000000706800000|  0%| F|  |TAMS 0x0000000706700000, 0x0000000706700000| Untracked 
|  88|0x0000000706800000, 0x0000000706800000, 0x0000000706900000|  0%| F|  |TAMS 0x0000000706800000, 0x0000000706800000| Untracked 
|  89|0x0000000706900000, 0x0000000706900000, 0x0000000706a00000|  0%| F|  |TAMS 0x0000000706900000, 0x0000000706900000| Untracked 
|  90|0x0000000706a00000, 0x0000000706a00000, 0x0000000706b00000|  0%| F|  |TAMS 0x0000000706a00000, 0x0000000706a00000| Untracked 
|  91|0x0000000706b00000, 0x0000000706b00000, 0x0000000706c00000|  0%| F|  |TAMS 0x0000000706b00000, 0x0000000706b00000| Untracked 
|  92|0x0000000706c00000, 0x0000000706c00000, 0x0000000706d00000|  0%| F|  |TAMS 0x0000000706c00000, 0x0000000706c00000| Untracked 
|  93|0x0000000706d00000, 0x0000000706d00000, 0x0000000706e00000|  0%| F|  |TAMS 0x0000000706d00000, 0x0000000706d00000| Untracked 
|  94|0x0000000706e00000, 0x0000000706e00000, 0x0000000706f00000|  0%| F|  |TAMS 0x0000000706e00000, 0x0000000706e00000| Untracked 
|  95|0x0000000706f00000, 0x0000000706f00000, 0x0000000707000000|  0%| F|  |TAMS 0x0000000706f00000, 0x0000000706f00000| Untracked 
|  96|0x0000000707000000, 0x0000000707000000, 0x0000000707100000|  0%| F|  |TAMS 0x0000000707000000, 0x0000000707000000| Untracked 
|  97|0x0000000707100000, 0x0000000707100000, 0x0000000707200000|  0%| F|  |TAMS 0x0000000707100000, 0x0000000707100000| Untracked 
|  98|0x0000000707200000, 0x0000000707200000, 0x0000000707300000|  0%| F|  |TAMS 0x0000000707200000, 0x0000000707200000| Untracked 
|  99|0x0000000707300000, 0x0000000707300000, 0x0000000707400000|  0%| F|  |TAMS 0x0000000707300000, 0x0000000707300000| Untracked 
| 100|0x0000000707400000, 0x0000000707400000, 0x0000000707500000|  0%| F|  |TAMS 0x0000000707400000, 0x0000000707400000| Untracked 
| 101|0x0000000707500000, 0x0000000707500000, 0x0000000707600000|  0%| F|  |TAMS 0x0000000707500000, 0x0000000707500000| Untracked 
| 102|0x0000000707600000, 0x0000000707600000, 0x0000000707700000|  0%| F|  |TAMS 0x0000000707600000, 0x0000000707600000| Untracked 
| 103|0x0000000707700000, 0x0000000707700000, 0x0000000707800000|  0%| F|  |TAMS 0x0000000707700000, 0x0000000707700000| Untracked 
| 104|0x0000000707800000, 0x0000000707800000, 0x0000000707900000|  0%| F|  |TAMS 0x0000000707800000, 0x0000000707800000| Untracked 
| 105|0x0000000707900000, 0x0000000707900000, 0x0000000707a00000|  0%| F|  |TAMS 0x0000000707900000, 0x0000000707900000| Untracked 
| 106|0x0000000707a00000, 0x0000000707a00000, 0x0000000707b00000|  0%| F|  |TAMS 0x0000000707a00000, 0x0000000707a00000| Untracked 
| 107|0x0000000707b00000, 0x0000000707b00000, 0x0000000707c00000|  0%| F|  |TAMS 0x0000000707b00000, 0x0000000707b00000| Untracked 
| 108|0x0000000707c00000, 0x0000000707c00000, 0x0000000707d00000|  0%| F|  |TAMS 0x0000000707c00000, 0x0000000707c00000| Untracked 
| 109|0x0000000707d00000, 0x0000000707d00000, 0x0000000707e00000|  0%| F|  |TAMS 0x0000000707d00000, 0x0000000707d00000| Untracked 
| 110|0x0000000707e00000, 0x0000000707e00000, 0x0000000707f00000|  0%| F|  |TAMS 0x0000000707e00000, 0x0000000707e00000| Untracked 
| 111|0x0000000707f00000, 0x0000000707f00000, 0x0000000708000000|  0%| F|  |TAMS 0x0000000707f00000, 0x0000000707f00000| Untracked 
| 112|0x0000000708000000, 0x0000000708000000, 0x0000000708100000|  0%| F|  |TAMS 0x0000000708000000, 0x0000000708000000| Untracked 
| 113|0x0000000708100000, 0x0000000708100000, 0x0000000708200000|  0%| F|  |TAMS 0x0000000708100000, 0x0000000708100000| Untracked 
| 114|0x0000000708200000, 0x0000000708200000, 0x0000000708300000|  0%| F|  |TAMS 0x0000000708200000, 0x0000000708200000| Untracked 
| 115|0x0000000708300000, 0x0000000708300000, 0x0000000708400000|  0%| F|  |TAMS 0x0000000708300000, 0x0000000708300000| Untracked 
| 116|0x0000000708400000, 0x0000000708400000, 0x0000000708500000|  0%| F|  |TAMS 0x0000000708400000, 0x0000000708400000| Untracked 
| 117|0x0000000708500000, 0x0000000708500000, 0x0000000708600000|  0%| F|  |TAMS 0x0000000708500000, 0x0000000708500000| Untracked 
| 118|0x0000000708600000, 0x0000000708600000, 0x0000000708700000|  0%| F|  |TAMS 0x0000000708600000, 0x0000000708600000| Untracked 
| 119|0x0000000708700000, 0x0000000708700000, 0x0000000708800000|  0%| F|  |TAMS 0x0000000708700000, 0x0000000708700000| Untracked 
| 120|0x0000000708800000, 0x0000000708800000, 0x0000000708900000|  0%| F|  |TAMS 0x0000000708800000, 0x0000000708800000| Untracked 
| 121|0x0000000708900000, 0x0000000708900000, 0x0000000708a00000|  0%| F|  |TAMS 0x0000000708900000, 0x0000000708900000| Untracked 
| 122|0x0000000708a00000, 0x0000000708a00000, 0x0000000708b00000|  0%| F|  |TAMS 0x0000000708a00000, 0x0000000708a00000| Untracked 
| 123|0x0000000708b00000, 0x0000000708b00000, 0x0000000708c00000|  0%| F|  |TAMS 0x0000000708b00000, 0x0000000708b00000| Untracked 
| 124|0x0000000708c00000, 0x0000000708c00000, 0x0000000708d00000|  0%| F|  |TAMS 0x0000000708c00000, 0x0000000708c00000| Untracked 
| 125|0x0000000708d00000, 0x0000000708d00000, 0x0000000708e00000|  0%| F|  |TAMS 0x0000000708d00000, 0x0000000708d00000| Untracked 
| 126|0x0000000708e00000, 0x0000000708e00000, 0x0000000708f00000|  0%| F|  |TAMS 0x0000000708e00000, 0x0000000708e00000| Untracked 
| 127|0x0000000708f00000, 0x0000000708f00000, 0x0000000709000000|  0%| F|  |TAMS 0x0000000708f00000, 0x0000000708f00000| Untracked 
| 128|0x0000000709000000, 0x0000000709000000, 0x0000000709100000|  0%| F|  |TAMS 0x0000000709000000, 0x0000000709000000| Untracked 
| 129|0x0000000709100000, 0x0000000709100000, 0x0000000709200000|  0%| F|  |TAMS 0x0000000709100000, 0x0000000709100000| Untracked 
| 130|0x0000000709200000, 0x0000000709200000, 0x0000000709300000|  0%| F|  |TAMS 0x0000000709200000, 0x0000000709200000| Untracked 
| 131|0x0000000709300000, 0x0000000709300000, 0x0000000709400000|  0%| F|  |TAMS 0x0000000709300000, 0x0000000709300000| Untracked 
| 132|0x0000000709400000, 0x0000000709400000, 0x0000000709500000|  0%| F|  |TAMS 0x0000000709400000, 0x0000000709400000| Untracked 
| 133|0x0000000709500000, 0x0000000709500000, 0x0000000709600000|  0%| F|  |TAMS 0x0000000709500000, 0x0000000709500000| Untracked 
| 134|0x0000000709600000, 0x0000000709600000, 0x0000000709700000|  0%| F|  |TAMS 0x0000000709600000, 0x0000000709600000| Untracked 
| 135|0x0000000709700000, 0x0000000709700000, 0x0000000709800000|  0%| F|  |TAMS 0x0000000709700000, 0x0000000709700000| Untracked 
| 136|0x0000000709800000, 0x0000000709800000, 0x0000000709900000|  0%| F|  |TAMS 0x0000000709800000, 0x0000000709800000| Untracked 
| 137|0x0000000709900000, 0x0000000709900000, 0x0000000709a00000|  0%| F|  |TAMS 0x0000000709900000, 0x0000000709900000| Untracked 
| 138|0x0000000709a00000, 0x0000000709a00000, 0x0000000709b00000|  0%| F|  |TAMS 0x0000000709a00000, 0x0000000709a00000| Untracked 
| 139|0x0000000709b00000, 0x0000000709b00000, 0x0000000709c00000|  0%| F|  |TAMS 0x0000000709b00000, 0x0000000709b00000| Untracked 
| 140|0x0000000709c00000, 0x0000000709c00000, 0x0000000709d00000|  0%| F|  |TAMS 0x0000000709c00000, 0x0000000709c00000| Untracked 
| 141|0x0000000709d00000, 0x0000000709d00000, 0x0000000709e00000|  0%| F|  |TAMS 0x0000000709d00000, 0x0000000709d00000| Untracked 
| 142|0x0000000709e00000, 0x0000000709e00000, 0x0000000709f00000|  0%| F|  |TAMS 0x0000000709e00000, 0x0000000709e00000| Untracked 
| 143|0x0000000709f00000, 0x0000000709f00000, 0x000000070a000000|  0%| F|  |TAMS 0x0000000709f00000, 0x0000000709f00000| Untracked 
| 144|0x000000070a000000, 0x000000070a000000, 0x000000070a100000|  0%| F|  |TAMS 0x000000070a000000, 0x000000070a000000| Untracked 
| 145|0x000000070a100000, 0x000000070a100000, 0x000000070a200000|  0%| F|  |TAMS 0x000000070a100000, 0x000000070a100000| Untracked 
| 146|0x000000070a200000, 0x000000070a200000, 0x000000070a300000|  0%| F|  |TAMS 0x000000070a200000, 0x000000070a200000| Untracked 
| 147|0x000000070a300000, 0x000000070a300000, 0x000000070a400000|  0%| F|  |TAMS 0x000000070a300000, 0x000000070a300000| Untracked 
| 148|0x000000070a400000, 0x000000070a400000, 0x000000070a500000|  0%| F|  |TAMS 0x000000070a400000, 0x000000070a400000| Untracked 
| 149|0x000000070a500000, 0x000000070a500000, 0x000000070a600000|  0%| F|  |TAMS 0x000000070a500000, 0x000000070a500000| Untracked 
| 150|0x000000070a600000, 0x000000070a600000, 0x000000070a700000|  0%| F|  |TAMS 0x000000070a600000, 0x000000070a600000| Untracked 
| 151|0x000000070a700000, 0x000000070a700000, 0x000000070a800000|  0%| F|  |TAMS 0x000000070a700000, 0x000000070a700000| Untracked 
| 152|0x000000070a800000, 0x000000070a800000, 0x000000070a900000|  0%| F|  |TAMS 0x000000070a800000, 0x000000070a800000| Untracked 
| 153|0x000000070a900000, 0x000000070a900000, 0x000000070aa00000|  0%| F|  |TAMS 0x000000070a900000, 0x000000070a900000| Untracked 
| 154|0x000000070aa00000, 0x000000070aa00000, 0x000000070ab00000|  0%| F|  |TAMS 0x000000070aa00000, 0x000000070aa00000| Untracked 
| 155|0x000000070ab00000, 0x000000070ab00000, 0x000000070ac00000|  0%| F|  |TAMS 0x000000070ab00000, 0x000000070ab00000| Untracked 
| 156|0x000000070ac00000, 0x000000070ac00000, 0x000000070ad00000|  0%| F|  |TAMS 0x000000070ac00000, 0x000000070ac00000| Untracked 
| 157|0x000000070ad00000, 0x000000070ad00000, 0x000000070ae00000|  0%| F|  |TAMS 0x000000070ad00000, 0x000000070ad00000| Untracked 
| 158|0x000000070ae00000, 0x000000070ae00000, 0x000000070af00000|  0%| F|  |TAMS 0x000000070ae00000, 0x000000070ae00000| Untracked 
| 159|0x000000070af00000, 0x000000070af00000, 0x000000070b000000|  0%| F|  |TAMS 0x000000070af00000, 0x000000070af00000| Untracked 
| 160|0x000000070b000000, 0x000000070b000000, 0x000000070b100000|  0%| F|  |TAMS 0x000000070b000000, 0x000000070b000000| Untracked 
| 161|0x000000070b100000, 0x000000070b100000, 0x000000070b200000|  0%| F|  |TAMS 0x000000070b100000, 0x000000070b100000| Untracked 
| 162|0x000000070b200000, 0x000000070b200000, 0x000000070b300000|  0%| F|  |TAMS 0x000000070b200000, 0x000000070b200000| Untracked 
| 163|0x000000070b300000, 0x000000070b300000, 0x000000070b400000|  0%| F|  |TAMS 0x000000070b300000, 0x000000070b300000| Untracked 
| 164|0x000000070b400000, 0x000000070b400000, 0x000000070b500000|  0%| F|  |TAMS 0x000000070b400000, 0x000000070b400000| Untracked 
| 165|0x000000070b500000, 0x000000070b500000, 0x000000070b600000|  0%| F|  |TAMS 0x000000070b500000, 0x000000070b500000| Untracked 
| 166|0x000000070b600000, 0x000000070b600000, 0x000000070b700000|  0%| F|  |TAMS 0x000000070b600000, 0x000000070b600000| Untracked 
| 167|0x000000070b700000, 0x000000070b700000, 0x000000070b800000|  0%| F|  |TAMS 0x000000070b700000, 0x000000070b700000| Untracked 
| 168|0x000000070b800000, 0x000000070b800000, 0x000000070b900000|  0%| F|  |TAMS 0x000000070b800000, 0x000000070b800000| Untracked 
| 169|0x000000070b900000, 0x000000070b900000, 0x000000070ba00000|  0%| F|  |TAMS 0x000000070b900000, 0x000000070b900000| Untracked 
| 170|0x000000070ba00000, 0x000000070ba00000, 0x000000070bb00000|  0%| F|  |TAMS 0x000000070ba00000, 0x000000070ba00000| Untracked 
| 171|0x000000070bb00000, 0x000000070bb00000, 0x000000070bc00000|  0%| F|  |TAMS 0x000000070bb00000, 0x000000070bb00000| Untracked 
| 172|0x000000070bc00000, 0x000000070bc00000, 0x000000070bd00000|  0%| F|  |TAMS 0x000000070bc00000, 0x000000070bc00000| Untracked 
| 173|0x000000070bd00000, 0x000000070bd00000, 0x000000070be00000|  0%| F|  |TAMS 0x000000070bd00000, 0x000000070bd00000| Untracked 
| 174|0x000000070be00000, 0x000000070be00000, 0x000000070bf00000|  0%| F|  |TAMS 0x000000070be00000, 0x000000070be00000| Untracked 
| 175|0x000000070bf00000, 0x000000070bf00000, 0x000000070c000000|  0%| F|  |TAMS 0x000000070bf00000, 0x000000070bf00000| Untracked 
| 176|0x000000070c000000, 0x000000070c000000, 0x000000070c100000|  0%| F|  |TAMS 0x000000070c000000, 0x000000070c000000| Untracked 
| 177|0x000000070c100000, 0x000000070c100000, 0x000000070c200000|  0%| F|  |TAMS 0x000000070c100000, 0x000000070c100000| Untracked 
| 178|0x000000070c200000, 0x000000070c200000, 0x000000070c300000|  0%| F|  |TAMS 0x000000070c200000, 0x000000070c200000| Untracked 
| 179|0x000000070c300000, 0x000000070c300000, 0x000000070c400000|  0%| F|  |TAMS 0x000000070c300000, 0x000000070c300000| Untracked 
| 180|0x000000070c400000, 0x000000070c400000, 0x000000070c500000|  0%| F|  |TAMS 0x000000070c400000, 0x000000070c400000| Untracked 
| 181|0x000000070c500000, 0x000000070c500000, 0x000000070c600000|  0%| F|  |TAMS 0x000000070c500000, 0x000000070c500000| Untracked 
| 182|0x000000070c600000, 0x000000070c600000, 0x000000070c700000|  0%| F|  |TAMS 0x000000070c600000, 0x000000070c600000| Untracked 
| 183|0x000000070c700000, 0x000000070c700000, 0x000000070c800000|  0%| F|  |TAMS 0x000000070c700000, 0x000000070c700000| Untracked 
| 184|0x000000070c800000, 0x000000070c800000, 0x000000070c900000|  0%| F|  |TAMS 0x000000070c800000, 0x000000070c800000| Untracked 
| 185|0x000000070c900000, 0x000000070c900000, 0x000000070ca00000|  0%| F|  |TAMS 0x000000070c900000, 0x000000070c900000| Untracked 
| 186|0x000000070ca00000, 0x000000070ca00000, 0x000000070cb00000|  0%| F|  |TAMS 0x000000070ca00000, 0x000000070ca00000| Untracked 
| 187|0x000000070cb00000, 0x000000070cb00000, 0x000000070cc00000|  0%| F|  |TAMS 0x000000070cb00000, 0x000000070cb00000| Untracked 
| 188|0x000000070cc00000, 0x000000070cc00000, 0x000000070cd00000|  0%| F|  |TAMS 0x000000070cc00000, 0x000000070cc00000| Untracked 
| 189|0x000000070cd00000, 0x000000070cd00000, 0x000000070ce00000|  0%| F|  |TAMS 0x000000070cd00000, 0x000000070cd00000| Untracked 
| 190|0x000000070ce00000, 0x000000070ce00000, 0x000000070cf00000|  0%| F|  |TAMS 0x000000070ce00000, 0x000000070ce00000| Untracked 
| 191|0x000000070cf00000, 0x000000070cf00000, 0x000000070d000000|  0%| F|  |TAMS 0x000000070cf00000, 0x000000070cf00000| Untracked 
| 192|0x000000070d000000, 0x000000070d000000, 0x000000070d100000|  0%| F|  |TAMS 0x000000070d000000, 0x000000070d000000| Untracked 
| 193|0x000000070d100000, 0x000000070d100000, 0x000000070d200000|  0%| F|  |TAMS 0x000000070d100000, 0x000000070d100000| Untracked 
| 194|0x000000070d200000, 0x000000070d200000, 0x000000070d300000|  0%| F|  |TAMS 0x000000070d200000, 0x000000070d200000| Untracked 
| 195|0x000000070d300000, 0x000000070d300000, 0x000000070d400000|  0%| F|  |TAMS 0x000000070d300000, 0x000000070d300000| Untracked 
| 196|0x000000070d400000, 0x000000070d400000, 0x000000070d500000|  0%| F|  |TAMS 0x000000070d400000, 0x000000070d400000| Untracked 
| 197|0x000000070d500000, 0x000000070d500000, 0x000000070d600000|  0%| F|  |TAMS 0x000000070d500000, 0x000000070d500000| Untracked 
| 198|0x000000070d600000, 0x000000070d600000, 0x000000070d700000|  0%| F|  |TAMS 0x000000070d600000, 0x000000070d600000| Untracked 
| 199|0x000000070d700000, 0x000000070d700000, 0x000000070d800000|  0%| F|  |TAMS 0x000000070d700000, 0x000000070d700000| Untracked 
| 200|0x000000070d800000, 0x000000070d800000, 0x000000070d900000|  0%| F|  |TAMS 0x000000070d800000, 0x000000070d800000| Untracked 
| 201|0x000000070d900000, 0x000000070d900000, 0x000000070da00000|  0%| F|  |TAMS 0x000000070d900000, 0x000000070d900000| Untracked 
| 202|0x000000070da00000, 0x000000070da00000, 0x000000070db00000|  0%| F|  |TAMS 0x000000070da00000, 0x000000070da00000| Untracked 
| 203|0x000000070db00000, 0x000000070db00000, 0x000000070dc00000|  0%| F|  |TAMS 0x000000070db00000, 0x000000070db00000| Untracked 
| 204|0x000000070dc00000, 0x000000070dc00000, 0x000000070dd00000|  0%| F|  |TAMS 0x000000070dc00000, 0x000000070dc00000| Untracked 
| 205|0x000000070dd00000, 0x000000070dd00000, 0x000000070de00000|  0%| F|  |TAMS 0x000000070dd00000, 0x000000070dd00000| Untracked 
| 206|0x000000070de00000, 0x000000070de00000, 0x000000070df00000|  0%| F|  |TAMS 0x000000070de00000, 0x000000070de00000| Untracked 
| 207|0x000000070df00000, 0x000000070df00000, 0x000000070e000000|  0%| F|  |TAMS 0x000000070df00000, 0x000000070df00000| Untracked 
| 208|0x000000070e000000, 0x000000070e000000, 0x000000070e100000|  0%| F|  |TAMS 0x000000070e000000, 0x000000070e000000| Untracked 
| 209|0x000000070e100000, 0x000000070e100000, 0x000000070e200000|  0%| F|  |TAMS 0x000000070e100000, 0x000000070e100000| Untracked 
| 210|0x000000070e200000, 0x000000070e200000, 0x000000070e300000|  0%| F|  |TAMS 0x000000070e200000, 0x000000070e200000| Untracked 
| 211|0x000000070e300000, 0x000000070e300000, 0x000000070e400000|  0%| F|  |TAMS 0x000000070e300000, 0x000000070e300000| Untracked 
| 212|0x000000070e400000, 0x000000070e400000, 0x000000070e500000|  0%| F|  |TAMS 0x000000070e400000, 0x000000070e400000| Untracked 
| 213|0x000000070e500000, 0x000000070e500000, 0x000000070e600000|  0%| F|  |TAMS 0x000000070e500000, 0x000000070e500000| Untracked 
| 214|0x000000070e600000, 0x000000070e600000, 0x000000070e700000|  0%| F|  |TAMS 0x000000070e600000, 0x000000070e600000| Untracked 
| 215|0x000000070e700000, 0x000000070e700000, 0x000000070e800000|  0%| F|  |TAMS 0x000000070e700000, 0x000000070e700000| Untracked 
| 216|0x000000070e800000, 0x000000070e800000, 0x000000070e900000|  0%| F|  |TAMS 0x000000070e800000, 0x000000070e800000| Untracked 
| 217|0x000000070e900000, 0x000000070e900000, 0x000000070ea00000|  0%| F|  |TAMS 0x000000070e900000, 0x000000070e900000| Untracked 
| 218|0x000000070ea00000, 0x000000070ea00000, 0x000000070eb00000|  0%| F|  |TAMS 0x000000070ea00000, 0x000000070ea00000| Untracked 
| 219|0x000000070eb00000, 0x000000070eb00000, 0x000000070ec00000|  0%| F|  |TAMS 0x000000070eb00000, 0x000000070eb00000| Untracked 
| 220|0x000000070ec00000, 0x000000070ec00000, 0x000000070ed00000|  0%| F|  |TAMS 0x000000070ec00000, 0x000000070ec00000| Untracked 
| 221|0x000000070ed00000, 0x000000070ed00000, 0x000000070ee00000|  0%| F|  |TAMS 0x000000070ed00000, 0x000000070ed00000| Untracked 
| 222|0x000000070ee00000, 0x000000070ee00000, 0x000000070ef00000|  0%| F|  |TAMS 0x000000070ee00000, 0x000000070ee00000| Untracked 
| 223|0x000000070ef00000, 0x000000070ef00000, 0x000000070f000000|  0%| F|  |TAMS 0x000000070ef00000, 0x000000070ef00000| Untracked 
| 224|0x000000070f000000, 0x000000070f000000, 0x000000070f100000|  0%| F|  |TAMS 0x000000070f000000, 0x000000070f000000| Untracked 
| 225|0x000000070f100000, 0x000000070f100000, 0x000000070f200000|  0%| F|  |TAMS 0x000000070f100000, 0x000000070f100000| Untracked 
| 226|0x000000070f200000, 0x000000070f200000, 0x000000070f300000|  0%| F|  |TAMS 0x000000070f200000, 0x000000070f200000| Untracked 
| 227|0x000000070f300000, 0x000000070f300000, 0x000000070f400000|  0%| F|  |TAMS 0x000000070f300000, 0x000000070f300000| Untracked 
| 228|0x000000070f400000, 0x000000070f400000, 0x000000070f500000|  0%| F|  |TAMS 0x000000070f400000, 0x000000070f400000| Untracked 
| 229|0x000000070f500000, 0x000000070f500000, 0x000000070f600000|  0%| F|  |TAMS 0x000000070f500000, 0x000000070f500000| Untracked 
| 230|0x000000070f600000, 0x000000070f600000, 0x000000070f700000|  0%| F|  |TAMS 0x000000070f600000, 0x000000070f600000| Untracked 
| 231|0x000000070f700000, 0x000000070f800000, 0x000000070f800000|100%| S|CS|TAMS 0x000000070f700000, 0x000000070f700000| Complete 
| 232|0x000000070f800000, 0x000000070f900000, 0x000000070f900000|100%| S|CS|TAMS 0x000000070f800000, 0x000000070f800000| Complete 
| 233|0x000000070f900000, 0x000000070fa00000, 0x000000070fa00000|100%| S|CS|TAMS 0x000000070f900000, 0x000000070f900000| Complete 
| 234|0x000000070fa00000, 0x000000070fa00000, 0x000000070fb00000|  0%| F|  |TAMS 0x000000070fa00000, 0x000000070fa00000| Untracked 
| 235|0x000000070fb00000, 0x000000070fb00000, 0x000000070fc00000|  0%| F|  |TAMS 0x000000070fb00000, 0x000000070fb00000| Untracked 
| 236|0x000000070fc00000, 0x000000070fc00000, 0x000000070fd00000|  0%| F|  |TAMS 0x000000070fc00000, 0x000000070fc00000| Untracked 
| 237|0x000000070fd00000, 0x000000070fd00000, 0x000000070fe00000|  0%| F|  |TAMS 0x000000070fd00000, 0x000000070fd00000| Untracked 
| 238|0x000000070fe00000, 0x000000070fe00000, 0x000000070ff00000|  0%| F|  |TAMS 0x000000070fe00000, 0x000000070fe00000| Untracked 
| 239|0x000000070ff00000, 0x000000070ff00000, 0x0000000710000000|  0%| F|  |TAMS 0x000000070ff00000, 0x000000070ff00000| Untracked 
| 240|0x0000000710000000, 0x0000000710000000, 0x0000000710100000|  0%| F|  |TAMS 0x0000000710000000, 0x0000000710000000| Untracked 
| 241|0x0000000710100000, 0x0000000710100000, 0x0000000710200000|  0%| F|  |TAMS 0x0000000710100000, 0x0000000710100000| Untracked 
| 242|0x0000000710200000, 0x0000000710200000, 0x0000000710300000|  0%| F|  |TAMS 0x0000000710200000, 0x0000000710200000| Untracked 
| 243|0x0000000710300000, 0x0000000710300000, 0x0000000710400000|  0%| F|  |TAMS 0x0000000710300000, 0x0000000710300000| Untracked 
| 244|0x0000000710400000, 0x0000000710400000, 0x0000000710500000|  0%| F|  |TAMS 0x0000000710400000, 0x0000000710400000| Untracked 
| 245|0x0000000710500000, 0x0000000710500000, 0x0000000710600000|  0%| F|  |TAMS 0x0000000710500000, 0x0000000710500000| Untracked 
| 246|0x0000000710600000, 0x0000000710600000, 0x0000000710700000|  0%| F|  |TAMS 0x0000000710600000, 0x0000000710600000| Untracked 
| 247|0x0000000710700000, 0x0000000710700000, 0x0000000710800000|  0%| F|  |TAMS 0x0000000710700000, 0x0000000710700000| Untracked 
| 248|0x0000000710800000, 0x0000000710800000, 0x0000000710900000|  0%| F|  |TAMS 0x0000000710800000, 0x0000000710800000| Untracked 
| 249|0x0000000710900000, 0x0000000710900000, 0x0000000710a00000|  0%| F|  |TAMS 0x0000000710900000, 0x0000000710900000| Untracked 
| 250|0x0000000710a00000, 0x0000000710a00000, 0x0000000710b00000|  0%| F|  |TAMS 0x0000000710a00000, 0x0000000710a00000| Untracked 
| 251|0x0000000710b00000, 0x0000000710b00000, 0x0000000710c00000|  0%| F|  |TAMS 0x0000000710b00000, 0x0000000710b00000| Untracked 
| 252|0x0000000710c00000, 0x0000000710c00000, 0x0000000710d00000|  0%| F|  |TAMS 0x0000000710c00000, 0x0000000710c00000| Untracked 
| 253|0x0000000710d00000, 0x0000000710d00000, 0x0000000710e00000|  0%| F|  |TAMS 0x0000000710d00000, 0x0000000710d00000| Untracked 
| 254|0x0000000710e00000, 0x0000000710e00000, 0x0000000710f00000|  0%| F|  |TAMS 0x0000000710e00000, 0x0000000710e00000| Untracked 
| 255|0x0000000710f00000, 0x0000000710f00800, 0x0000000711000000|  0%| E|  |TAMS 0x0000000710f00000, 0x0000000710f00000| Complete 

Card table byte_map: [0x0000019a7d690000,0x0000019a7de90000] _byte_map_base: 0x0000019a79e88000

Marking Bits (Prev, Next): (CMBitMap*) 0x0000019a651d91e8, (CMBitMap*) 0x0000019a651d9220
 Prev Bits: [0x0000019a00000000, 0x0000019a03fc0000)
 Next Bits: [0x0000019a03fc0000, 0x0000019a07f80000)

Polling page: 0x0000019a638b0000

Metaspace:

Usage:
  Non-class:     11.49 MB capacity,    11.33 MB ( 99%) used,   137.75 KB (  1%) free+waste,    29.31 KB ( <1%) overhead. 
      Class:      1.43 MB capacity,     1.32 MB ( 93%) used,    94.16 KB (  6%) free+waste,    14.50 KB ( <1%) overhead. 
       Both:     12.92 MB capacity,    12.65 MB ( 98%) used,   231.91 KB (  2%) free+waste,    43.81 KB ( <1%) overhead. 

Virtual space:
  Non-class space:       12.00 MB reserved,      11.50 MB ( 96%) committed 
      Class space:        1.00 GB reserved,       1.50 MB ( <1%) committed 
             Both:        1.01 GB reserved,      13.00 MB (  1%) committed 

Chunk freelists:
   Non-Class:  768 bytes
       Class:  1.38 KB
        Both:  2.13 KB

CodeHeap 'non-profiled nmethods': size=120064Kb used=323Kb max_used=323Kb free=119740Kb
 bounds [0x0000019a75100000, 0x0000019a75370000, 0x0000019a7c640000]
CodeHeap 'profiled nmethods': size=120000Kb used=1733Kb max_used=1733Kb free=118267Kb
 bounds [0x0000019a6dbd0000, 0x0000019a6de40000, 0x0000019a75100000]
CodeHeap 'non-nmethods': size=5696Kb used=1118Kb max_used=1135Kb free=4577Kb
 bounds [0x0000019a6d640000, 0x0000019a6d8b0000, 0x0000019a6dbd0000]
 total_blobs=1399 nmethods=966 adapters=345
 compilation: enabled
              stopped_count=0, restarted_count=0
 full_count=0

Compilation events (10 events):
Event: 0.542 Thread 0x0000019a7f929000  956       3       java.lang.invoke.BootstrapMethodInvoker::maybeReBox (28 bytes)
Event: 0.543 Thread 0x0000019a7f929000 nmethod 956 0x0000019a6dd79610 code [0x0000019a6dd79800, 0x0000019a6dd79e18]
Event: 0.543 Thread 0x0000019a7f929000  957       3       java.lang.invoke.MemberName::isCallerSensitive (7 bytes)
Event: 0.543 Thread 0x0000019a7f929000 nmethod 957 0x0000019a6dd7a010 code [0x0000019a6dd7a1c0, 0x0000019a6dd7a3f8]
Event: 0.543 Thread 0x0000019a7f929000  962       3       java.lang.invoke.InvokerBytecodeGenerator::<init> (80 bytes)
Event: 0.544 Thread 0x0000019a7f929000 nmethod 962 0x0000019a6dd7a510 code [0x0000019a6dd7a6e0, 0x0000019a6dd7aaa8]
Event: 0.544 Thread 0x0000019a7f929000  963       3       jdk.internal.org.objectweb.asm.ClassWriter::toByteArray (1423 bytes)
Event: 0.544 Thread 0x0000019a7f8cf000 nmethod 955 0x0000019a75150990 code [0x0000019a75150b20, 0x0000019a75150d18]
Event: 0.549 Thread 0x0000019a7f929000 nmethod 963 0x0000019a6dd7ad10 code [0x0000019a6dd7b5e0, 0x0000019a6dd7f308]
Event: 0.549 Thread 0x0000019a7f929000  966       3       jdk.internal.org.objectweb.asm.MethodVisitor::<init> (35 bytes)

GC Heap History (2 events):
Event: 0.544 GC heap before
{Heap before GC invocations=0 (full 0):
 garbage-first heap   total 262144K, used 21504K [0x0000000701000000, 0x0000000800000000)
  region size 1024K, 22 young (22528K), 0 survivors (0K)
 Metaspace       used 12953K, capacity 13231K, committed 13312K, reserved 1060864K
  class space    used 1352K, capacity 1461K, committed 1536K, reserved 1048576K
}
Event: 0.547 GC heap after
{Heap after GC invocations=1 (full 0):
 garbage-first heap   total 262144K, used 3824K [0x0000000701000000, 0x0000000800000000)
  region size 1024K, 3 young (3072K), 3 survivors (3072K)
 Metaspace       used 12953K, capacity 13231K, committed 13312K, reserved 1060864K
  class space    used 1352K, capacity 1461K, committed 1536K, reserved 1048576K
}

Deoptimization events (10 events):
Event: 0.357 Thread 0x0000019a0a37e000 Uncommon trap: reason=profile_predicate action=maybe_recompile pc=0x0000019a7511d2d4 method=java.lang.StringLatin1.indexOf([BI[BII)I @ 18 c2
Event: 0.376 Thread 0x0000019a0a37e000 Uncommon trap: reason=unstable_if action=reinterpret pc=0x0000019a7511c4a8 method=java.lang.StringLatin1.indexOf([BI[BII)I @ 80 c2
Event: 0.475 Thread 0x0000019a0a799800 Uncommon trap: reason=unstable_if action=reinterpret pc=0x0000019a751406bc method=sun.net.www.ParseUtil.firstEncodeIndex(Ljava/lang/String;)I @ 51 c2
Event: 0.476 Thread 0x0000019a0a799800 Uncommon trap: reason=unstable_if action=reinterpret pc=0x0000019a75138d24 method=java.lang.StringLatin1.indexOf([BI[BII)I @ 91 c2
Event: 0.477 Thread 0x0000019a0a799800 Uncommon trap: reason=class_check action=maybe_recompile pc=0x0000019a7513c354 method=java.util.HashMap.getNode(ILjava/lang/Object;)Ljava/util/HashMap$Node; @ 59 c2
Event: 0.483 Thread 0x0000019a0a799800 Uncommon trap: reason=unstable_if action=reinterpret pc=0x0000019a7510c650 method=java.util.HashMap.putVal(ILjava/lang/Object;Ljava/lang/Object;ZZ)Ljava/lang/Object; @ 181 c2
Event: 0.484 Thread 0x0000019a0a799800 Uncommon trap: reason=bimorphic_or_optimized_type_check action=maybe_recompile pc=0x0000019a75143454 method=java.util.concurrent.ConcurrentHashMap.get(Ljava/lang/Object;)Ljava/lang/Object; @ 149 c2
Event: 0.484 Thread 0x0000019a0a799800 Uncommon trap: reason=bimorphic_or_optimized_type_check action=maybe_recompile pc=0x0000019a75143454 method=java.util.concurrent.ConcurrentHashMap.get(Ljava/lang/Object;)Ljava/lang/Object; @ 149 c2
Event: 0.488 Thread 0x0000019a0a799800 Uncommon trap: reason=unstable_if action=reinterpret pc=0x0000019a75145a34 method=java.io.WinNTFileSystem.normalize(Ljava/lang/String;)Ljava/lang/String; @ 104 c2
Event: 0.489 Thread 0x0000019a0a799800 Uncommon trap: reason=bimorphic_or_optimized_type_check action=maybe_recompile pc=0x0000019a75143454 method=java.util.concurrent.ConcurrentHashMap.get(Ljava/lang/Object;)Ljava/lang/Object; @ 149 c2

Classes redefined (0 events):
No events

Internal exceptions (10 events):
Event: 0.345 Thread 0x0000019a0a37e000 Exception <a 'java/lang/NoSuchMethodError'{0x000000071003d578}: java.lang.invoke.DirectMethodHandle$Holder.invokeStatic(Ljava/lang/Object;Ljava/lang/Object;Ljava/lang/Object;Ljava/lang/Object;Ljava/lang/Object;Ljava/lang/Object;Ljava/lang/Object;Ljava/lan
Event: 0.346 Thread 0x0000019a0a37e000 Exception <a 'java/lang/NoSuchMethodError'{0x00000007100589a0}: java.lang.invoke.DirectMethodHandle$Holder.invokeStatic(Ljava/lang/Object;Ljava/lang/Object;Ljava/lang/Object;Ljava/lang/Object;Ljava/lang/Object;Ljava/lang/Object;Ljava/lang/Object;Ljava/lan
Event: 0.348 Thread 0x0000019a0a37e000 Exception <a 'java/lang/NoSuchMethodError'{0x0000000710073fe8}: java.lang.invoke.DirectMethodHandle$Holder.invokeStatic(Ljava/lang/Object;Ljava/lang/Object;Ljava/lang/Object;Ljava/lang/Object;Ljava/lang/Object;Ljava/lang/Object;Ljava/lang/Object;Ljava/lan
Event: 0.378 Thread 0x0000019a0a37e000 Exception <a 'java/lang/NoSuchMethodError'{0x000000070fe07040}: java.lang.invoke.DirectMethodHandle$Holder.invokeStatic(Ljava/lang/Object;Ljava/lang/Object;Ljava/lang/Object;Ljava/lang/Object;Ljava/lang/Object;Ljava/lang/Object;Ljava/lang/Object;Ljava/lan
Event: 0.379 Thread 0x0000019a0a37e000 Exception <a 'java/lang/NoSuchMethodError'{0x000000070fe24f38}: java.lang.invoke.DirectMethodHandle$Holder.invokeStatic(Ljava/lang/Object;Ljava/lang/Object;Ljava/lang/Object;Ljava/lang/Object;Ljava/lang/Object;Ljava/lang/Object;Ljava/lang/Object;Ljava/lan
Event: 0.380 Thread 0x0000019a0a37e000 Exception <a 'java/lang/NoSuchMethodError'{0x000000070fe43cc0}: java.lang.invoke.DirectMethodHandle$Holder.invokeStatic(Ljava/lang/Object;Ljava/lang/Object;Ljava/lang/Object;Ljava/lang/Object;Ljava/lang/Object;Ljava/lang/Object;Ljava/lang/Object;Ljava/lan
Event: 0.381 Thread 0x0000019a0a37e000 Exception <a 'java/lang/NoSuchMethodError'{0x000000070fe644c8}: java.lang.invoke.DirectMethodHandle$Holder.invokeStatic(Ljava/lang/Object;Ljava/lang/Object;Ljava/lang/Object;Ljava/lang/Object;Ljava/lang/Object;Ljava/lang/Object;Ljava/lang/Object;Ljava/lan
Event: 0.528 Thread 0x0000019a0a37e000 Exception <a 'java/lang/NoSuchMethodError'{0x000000070fc52560}: java.lang.invoke.DirectMethodHandle$Holder.invokeStaticInit(Ljava/lang/Object;Ljava/lang/Object;Ljava/lang/Object;)I> (0x000000070fc52560) thrown at [./open/src/hotspot/share/interpreter/link
Event: 0.543 Thread 0x0000019a0a37e000 Exception <a 'java/lang/NoSuchMethodError'{0x000000070fa81fd8}: java.lang.invoke.DirectMethodHandle$Holder.invokeStatic(Ljava/lang/Object;Ljava/lang/Object;ILjava/lang/Object;)Ljava/lang/Object;> (0x000000070fa81fd8) thrown at [./open/src/hotspot/share/in
Event: 0.543 Thread 0x0000019a0a37e000 Exception <a 'java/lang/NoSuchMethodError'{0x000000070fa88800}: java.lang.invoke.Invokers$Holder.linkToTargetMethod(Ljava/lang/Object;ILjava/lang/Object;Ljava/lang/Object;)Ljava/lang/Object;> (0x000000070fa88800) thrown at [./open/src/hotspot/share/interp

Events (10 events):
Event: 0.543 loading class com/sun/glass/ui/win/WinApplication done
Event: 0.544 loading class com/sun/glass/ui/win/WinApplication
Event: 0.544 loading class com/sun/glass/ui/win/WinApplication done
Event: 0.544 Thread 0x0000019a0a82c800 Thread added: 0x0000019a0a82c800
Event: 0.544 Executing VM operation: G1CollectForAllocation
Event: 0.547 Executing VM operation: G1CollectForAllocation done
Event: 0.547 Executing VM operation: RevokeBias
Event: 0.547 Executing VM operation: RevokeBias done
Event: 0.547 Executing VM operation: RevokeBias
Event: 0.547 Executing VM operation: RevokeBias done


Dynamic libraries:
0x00007ff6967a0000 - 0x00007ff6967af000 	C:\Program Files\Java\jdk-11.0.11\bin\java.exe
0x00007ffeff0d0000 - 0x00007ffeff2c5000 	C:\Windows\SYSTEM32\ntdll.dll
0x00007ffefde10000 - 0x00007ffefdece000 	C:\Windows\System32\KERNEL32.DLL
0x00007ffefc8a0000 - 0x00007ffefcb69000 	C:\Windows\System32\KERNELBASE.dll
0x00007ffefce20000 - 0x00007ffefcf20000 	C:\Windows\System32\ucrtbase.dll
0x00007ffeeea40000 - 0x00007ffeeea55000 	C:\Program Files\Java\jdk-11.0.11\bin\VCRUNTIME140.dll
0x00007ffeec650000 - 0x00007ffeec668000 	C:\Program Files\Java\jdk-11.0.11\bin\jli.dll
0x00007ffefdc40000 - 0x00007ffefdcec000 	C:\Windows\System32\ADVAPI32.dll
0x00007ffefec00000 - 0x00007ffefec9e000 	C:\Windows\System32\msvcrt.dll
0x00007ffefe170000 - 0x00007ffefe20b000 	C:\Windows\System32\sechost.dll
0x00007ffefd570000 - 0x00007ffefd69a000 	C:\Windows\System32\RPCRT4.dll
0x00007ffefee50000 - 0x00007ffefeff1000 	C:\Windows\System32\USER32.dll
0x00007ffefcb70000 - 0x00007ffefcb92000 	C:\Windows\System32\win32u.dll
0x00007ffee8a90000 - 0x00007ffee8d2a000 	C:\Windows\WinSxS\amd64_microsoft.windows.common-controls_6595b64144ccf1df_6.0.19041.1110_none_60b5254171f9507e\COMCTL32.dll
0x00007ffefdd70000 - 0x00007ffefdd9b000 	C:\Windows\System32\GDI32.dll
0x00007ffefcce0000 - 0x00007ffefcdeb000 	C:\Windows\System32\gdi32full.dll
0x00007ffefd080000 - 0x00007ffefd11d000 	C:\Windows\System32\msvcp_win.dll
0x00007ffef4360000 - 0x00007ffef436a000 	C:\Windows\SYSTEM32\VERSION.dll
0x00007ffefded0000 - 0x00007ffefdf00000 	C:\Windows\System32\IMM32.DLL
0x00007ffec4300000 - 0x00007ffec439b000 	C:\Program Files\Java\jdk-11.0.11\bin\msvcp140.dll
0x00007ffeafee0000 - 0x00007ffeb09de000 	C:\Program Files\Java\jdk-11.0.11\bin\server\jvm.dll
0x00007ffefebf0000 - 0x00007ffefebf8000 	C:\Windows\System32\PSAPI.DLL
0x00007ffee9510000 - 0x00007ffee9519000 	C:\Windows\SYSTEM32\WSOCK32.dll
0x00007ffefdda0000 - 0x00007ffefde0b000 	C:\Windows\System32\WS2_32.dll
0x00007ffef6970000 - 0x00007ffef6997000 	C:\Windows\SYSTEM32\WINMM.dll
0x00007ffefa710000 - 0x00007ffefa722000 	C:\Windows\SYSTEM32\kernel.appcore.dll
0x00007ffeeff40000 - 0x00007ffeeff50000 	C:\Program Files\Java\jdk-11.0.11\bin\verify.dll
0x00007ffeeb1d0000 - 0x00007ffeeb3b4000 	C:\Windows\SYSTEM32\DBGHELP.DLL
0x00007ffeeaf40000 - 0x00007ffeeaf6c000 	C:\Windows\SYSTEM32\dbgcore.DLL
0x00007ffefcbf0000 - 0x00007ffefcc73000 	C:\Windows\System32\bcryptPrimitives.dll
0x00007ffee9f00000 - 0x00007ffee9f28000 	C:\Program Files\Java\jdk-11.0.11\bin\java.dll
0x00007ffeeeef0000 - 0x00007ffeeeefa000 	C:\Program Files\Java\jdk-11.0.11\bin\jimage.dll
0x00007ffeee660000 - 0x00007ffeee66e000 	C:\Program Files\Java\jdk-11.0.11\bin\instrument.dll
0x00007ffeec630000 - 0x00007ffeec646000 	C:\Program Files\Java\jdk-11.0.11\bin\zip.dll
0x00007ffefe210000 - 0x00007ffefe94f000 	C:\Windows\System32\SHELL32.dll
0x00007ffefa910000 - 0x00007ffefb0a0000 	C:\Windows\SYSTEM32\windows.storage.dll
0x00007ffefd120000 - 0x00007ffefd475000 	C:\Windows\System32\combase.dll
0x00007ffefc170000 - 0x00007ffefc19c000 	C:\Windows\SYSTEM32\Wldp.dll
0x00007ffefe950000 - 0x00007ffefe9fd000 	C:\Windows\System32\SHCORE.dll
0x00007ffefd6a0000 - 0x00007ffefd6f5000 	C:\Windows\System32\shlwapi.dll
0x00007ffefc730000 - 0x00007ffefc74f000 	C:\Windows\SYSTEM32\profapi.dll
0x00007ffee9ee0000 - 0x00007ffee9ef9000 	C:\Program Files\Java\jdk-11.0.11\bin\net.dll
0x00007ffef1390000 - 0x00007ffef1498000 	C:\Windows\SYSTEM32\WINHTTP.dll
0x00007ffefbed0000 - 0x00007ffefbf3a000 	C:\Windows\system32\mswsock.dll
0x00007ffee60d0000 - 0x00007ffee60e2000 	C:\Program Files\Java\jdk-11.0.11\bin\nio.dll
0x00007ffedf160000 - 0x00007ffedf17a000 	C:\Program Files\JetBrains\IntelliJ IDEA Community Edition 2021.1\bin\breakgen64.dll
0x0000019a7ff30000 - 0x0000019a7ff33000 	C:\Program Files\Java\jdk-11.0.11\bin\api-ms-win-core-console-l1-1-0.dll
0x0000019a7ff40000 - 0x0000019a7ff43000 	C:\Program Files\Java\jdk-11.0.11\bin\api-ms-win-core-datetime-l1-1-0.dll
0x0000019a7ff50000 - 0x0000019a7ff53000 	C:\Program Files\Java\jdk-11.0.11\bin\api-ms-win-core-debug-l1-1-0.dll
0x0000019a7ff60000 - 0x0000019a7ff63000 	C:\Program Files\Java\jdk-11.0.11\bin\api-ms-win-core-errorhandling-l1-1-0.dll
0x0000019a7ff70000 - 0x0000019a7ff74000 	C:\Program Files\Java\jdk-11.0.11\bin\api-ms-win-core-file-l1-1-0.dll
0x0000019a7ff80000 - 0x0000019a7ff83000 	C:\Program Files\Java\jdk-11.0.11\bin\api-ms-win-core-file-l1-2-0.dll
0x0000019a7ff90000 - 0x0000019a7ff93000 	C:\Program Files\Java\jdk-11.0.11\bin\api-ms-win-core-file-l2-1-0.dll
0x0000019a7ffa0000 - 0x0000019a7ffa3000 	C:\Program Files\Java\jdk-11.0.11\bin\api-ms-win-core-handle-l1-1-0.dll
0x0000019a7ffb0000 - 0x0000019a7ffb3000 	C:\Program Files\Java\jdk-11.0.11\bin\api-ms-win-core-heap-l1-1-0.dll
0x0000019a7ffc0000 - 0x0000019a7ffc3000 	C:\Program Files\Java\jdk-11.0.11\bin\api-ms-win-core-interlocked-l1-1-0.dll
0x0000019a7ffd0000 - 0x0000019a7ffd3000 	C:\Program Files\Java\jdk-11.0.11\bin\api-ms-win-core-libraryloader-l1-1-0.dll
0x0000019a7ffe0000 - 0x0000019a7ffe3000 	C:\Program Files\Java\jdk-11.0.11\bin\api-ms-win-core-localization-l1-2-0.dll
0x0000019a7fff0000 - 0x0000019a7fff3000 	C:\Program Files\Java\jdk-11.0.11\bin\api-ms-win-core-memory-l1-1-0.dll
0x0000019a0b950000 - 0x0000019a0b953000 	C:\Program Files\Java\jdk-11.0.11\bin\api-ms-win-core-namedpipe-l1-1-0.dll
0x0000019a0b960000 - 0x0000019a0b963000 	C:\Program Files\Java\jdk-11.0.11\bin\api-ms-win-core-processenvironment-l1-1-0.dll
0x0000019a0b970000 - 0x0000019a0b973000 	C:\Program Files\Java\jdk-11.0.11\bin\api-ms-win-core-processthreads-l1-1-0.dll
0x0000019a0b980000 - 0x0000019a0b983000 	C:\Program Files\Java\jdk-11.0.11\bin\api-ms-win-core-processthreads-l1-1-1.dll
0x0000019a0b990000 - 0x0000019a0b993000 	C:\Program Files\Java\jdk-11.0.11\bin\api-ms-win-core-profile-l1-1-0.dll
0x0000019a0b9a0000 - 0x0000019a0b9a3000 	C:\Program Files\Java\jdk-11.0.11\bin\api-ms-win-core-rtlsupport-l1-1-0.dll
0x0000019a0b9b0000 - 0x0000019a0b9b3000 	C:\Program Files\Java\jdk-11.0.11\bin\api-ms-win-core-string-l1-1-0.dll
0x0000019a0b9c0000 - 0x0000019a0b9c3000 	C:\Program Files\Java\jdk-11.0.11\bin\api-ms-win-core-synch-l1-1-0.dll
0x0000019a0b9d0000 - 0x0000019a0b9d3000 	C:\Program Files\Java\jdk-11.0.11\bin\api-ms-win-core-synch-l1-2-0.dll
0x0000019a0b9e0000 - 0x0000019a0b9e3000 	C:\Program Files\Java\jdk-11.0.11\bin\api-ms-win-core-sysinfo-l1-1-0.dll
0x0000019a0b9f0000 - 0x0000019a0b9f3000 	C:\Program Files\Java\jdk-11.0.11\bin\api-ms-win-core-timezone-l1-1-0.dll
0x0000019a0ba00000 - 0x0000019a0ba03000 	C:\Program Files\Java\jdk-11.0.11\bin\api-ms-win-core-util-l1-1-0.dll
0x0000019a0ba10000 - 0x0000019a0ba13000 	C:\Program Files\Java\jdk-11.0.11\bin\api-ms-win-crt-conio-l1-1-0.dll
0x0000019a0ba20000 - 0x0000019a0ba24000 	C:\Program Files\Java\jdk-11.0.11\bin\api-ms-win-crt-convert-l1-1-0.dll
0x0000019a0ba30000 - 0x0000019a0ba33000 	C:\Program Files\Java\jdk-11.0.11\bin\api-ms-win-crt-environment-l1-1-0.dll
0x0000019a0ba40000 - 0x0000019a0ba43000 	C:\Program Files\Java\jdk-11.0.11\bin\api-ms-win-crt-filesystem-l1-1-0.dll
0x0000019a0ba50000 - 0x0000019a0ba53000 	C:\Program Files\Java\jdk-11.0.11\bin\api-ms-win-crt-heap-l1-1-0.dll
0x0000019a0ba60000 - 0x0000019a0ba63000 	C:\Program Files\Java\jdk-11.0.11\bin\api-ms-win-crt-locale-l1-1-0.dll
0x0000019a0ba70000 - 0x0000019a0ba75000 	C:\Program Files\Java\jdk-11.0.11\bin\api-ms-win-crt-math-l1-1-0.dll
0x0000019a0ba80000 - 0x0000019a0ba85000 	C:\Program Files\Java\jdk-11.0.11\bin\api-ms-win-crt-multibyte-l1-1-0.dll
0x0000019a0ba90000 - 0x0000019a0baa0000 	C:\Program Files\Java\jdk-11.0.11\bin\api-ms-win-crt-private-l1-1-0.dll
0x0000019a0baa0000 - 0x0000019a0baa3000 	C:\Program Files\Java\jdk-11.0.11\bin\api-ms-win-crt-process-l1-1-0.dll
0x0000019a0bab0000 - 0x0000019a0bab4000 	C:\Program Files\Java\jdk-11.0.11\bin\api-ms-win-crt-runtime-l1-1-0.dll
0x0000019a0bac0000 - 0x0000019a0bac4000 	C:\Program Files\Java\jdk-11.0.11\bin\api-ms-win-crt-stdio-l1-1-0.dll
0x0000019a0bad0000 - 0x0000019a0bad4000 	C:\Program Files\Java\jdk-11.0.11\bin\api-ms-win-crt-string-l1-1-0.dll
0x0000019a0bae0000 - 0x0000019a0bae3000 	C:\Program Files\Java\jdk-11.0.11\bin\api-ms-win-crt-time-l1-1-0.dll
0x0000019a0baf0000 - 0x0000019a0baf3000 	C:\Program Files\Java\jdk-11.0.11\bin\api-ms-win-crt-utility-l1-1-0.dll
0x00007ffec0e90000 - 0x00007ffec0f8a000 	C:\Program Files\Java\jdk-11.0.11\bin\ucrtbase.dll
0x00007ffeca220000 - 0x00007ffeca26e000 	C:\Windows\System32\concrt140.dll
0x00007ffeec3f0000 - 0x00007ffeec3fc000 	C:\Windows\SYSTEM32\VCRUNTIME140_1.dll
0x00007ffeca390000 - 0x00007ffeca3b3000 	C:\Users\Marcin Belicki\.openjfx\cache\11\prism_d3d.dll
0x00007ffec7040000 - 0x00007ffec720e000 	C:\Windows\system32\d3d9.dll
0x00007ffefa420000 - 0x00007ffefa44f000 	C:\Windows\SYSTEM32\dwmapi.dll
0x00007ffefa230000 - 0x00007ffefa2ce000 	C:\Windows\system32\uxtheme.dll
0x00007ffef4370000 - 0x00007ffef4472000 	C:\Windows\System32\DriverStore\FileRepository\nv_dispi.inf_amd64_1c83a5d7cffd7bff\nvldumdx.dll
0x00007ffefc300000 - 0x00007ffefc312000 	C:\Windows\SYSTEM32\msasn1.dll
0x00007ffef4320000 - 0x00007ffef4351000 	C:\Windows\SYSTEM32\cryptnet.dll
0x00007ffefcf20000 - 0x00007ffefd076000 	C:\Windows\System32\CRYPT32.dll
0x00007ffefc0c0000 - 0x00007ffefc0cc000 	C:\Windows\SYSTEM32\cryptbase.dll
0x00007ffefcc80000 - 0x00007ffefcce0000 	C:\Windows\System32\WINTRUST.DLL
0x00007ffefdf70000 - 0x00007ffefdf8d000 	C:\Windows\System32\imagehlp.dll
0x00007ffefc0d0000 - 0x00007ffefc0e8000 	C:\Windows\SYSTEM32\CRYPTSP.dll
0x00007ffefb850000 - 0x00007ffefb884000 	C:\Windows\system32\rsaenh.dll
0x00007ffefcdf0000 - 0x00007ffefce17000 	C:\Windows\System32\bcrypt.dll
0x00007ffeae4c0000 - 0x00007ffeafedb000 	C:\Windows\System32\DriverStore\FileRepository\nv_dispi.inf_amd64_1c83a5d7cffd7bff\nvd3dumx.dll
0x000000006a910000 - 0x000000006a943000 	C:\Program Files\Java\jre7\bin\glass.dll
0x00007ffefd490000 - 0x00007ffefd56a000 	C:\Windows\System32\COMDLG32.dll
0x00007ffefe040000 - 0x00007ffefe16a000 	C:\Windows\System32\ole32.dll
0x00007ffefea00000 - 0x00007ffefeacd000 	C:\Windows\System32\OLEAUT32.dll
0x000000006a830000 - 0x000000006a902000 	C:\Windows\SYSTEM32\MSVCR100.dll
0x00007ffefead0000 - 0x00007ffefebe5000 	C:\Windows\System32\MSCTF.dll

dbghelp: loaded successfully - version: 4.0.5 - missing functions: none
symbol engine: initialized successfully - sym options: 0x614 - pdb path: .;C:\Program Files\Java\jdk-11.0.11\bin;C:\Windows\SYSTEM32;C:\Windows\WinSxS\amd64_microsoft.windows.common-controls_6595b64144ccf1df_6.0.19041.1110_none_60b5254171f9507e;C:\Program Files\Java\jdk-11.0.11\bin\server;C:\Program Files\JetBrains\IntelliJ IDEA Community Edition 2021.1\bin;C:\Users\Marcin Belicki\.openjfx\cache\11;C:\Windows\System32\DriverStore\FileRepository\nv_dispi.inf_amd64_1c83a5d7cffd7bff;C:\Program Files\Java\jre7\bin

VM Arguments:
jvm_args: -javaagent:C:\Program Files\JetBrains\IntelliJ IDEA Community Edition 2021.1\lib\idea_rt.jar=60276:C:\Program Files\JetBrains\IntelliJ IDEA Community Edition 2021.1\bin -Dfile.encoding=UTF-8 
java_command: classes.Presentation
java_class_path (initial): C:\Users\Marcin Belicki\Documents\informatyka\3\grafy,_geometria,_algorytmy\laboratorium\jadro_wielokata_prostego\target\scala-2.13\classes;C:\Users\Marcin Belicki\AppData\Local\Coursier\cache\v1\https\repo1.maven.org\maven2\org\openjfx\javafx-base\11\javafx-base-11.jar;C:\Users\Marcin Belicki\AppData\Local\Coursier\cache\v1\https\repo1.maven.org\maven2\org\openjfx\javafx-base\11\javafx-base-11-win.jar;C:\Users\Marcin Belicki\AppData\Local\Coursier\cache\v1\https\repo1.maven.org\maven2\org\openjfx\javafx-controls\11\javafx-controls-11.jar;C:\Users\Marcin Belicki\AppData\Local\Coursier\cache\v1\https\repo1.maven.org\maven2\org\openjfx\javafx-controls\11\javafx-controls-11-win.jar;C:\Users\Marcin Belicki\AppData\Local\Coursier\cache\v1\https\repo1.maven.org\maven2\org\openjfx\javafx-fxml\11\javafx-fxml-11-win.jar;C:\Users\Marcin Belicki\AppData\Local\Coursier\cache\v1\https\repo1.maven.org\maven2\org\openjfx\javafx-graphics\11\javafx-graphics-11.jar;C:\Users\Marcin Belicki\AppData\Local\Coursier\cache\v1\https\repo1.maven.org\maven2\org\openjfx\javafx-graphics\11\javafx-graphics-11-win.jar;C:\Users\Marcin Belicki\AppData\Local\Coursier\cache\v1\https\repo1.maven.org\maven2\org\openjfx\javafx-media\11\javafx-media-11.jar;C:\Users\Marcin Belicki\AppData\Local\Coursier\cache\v1\https\repo1.maven.org\maven2\org\openjfx\javafx-media\11\javafx-media-11-win.jar;C:\Users\Marcin Belicki\AppData\Local\Coursier\cache\v1\https\repo1.maven.org\maven2\org\openjfx\javafx-swing\11\javafx-swing-11-win.jar;C:\Users\Marcin Belicki\AppData\Local\Coursier\cache\v1\https\repo1.maven.org\maven2\org\openjfx\javafx-web\11\javafx-web-11-win.jar;C:\Users\Marcin Belicki\AppData\Local\Coursier\cache\v1\https\repo1.maven.org\maven2\org\scala-lang\scala-library\2.13.6\scala-library-2.13.6.jar;C:\Users\Marcin Belicki\AppData\Local\Coursier\cache\v1\https\repo1.maven.org\maven2\org\scala-lang\scala-reflect\2.13.6\scala-reflect-2.13.6.jar;C:\Users\Marcin Belicki\AppData\Lo
Launcher Type: SUN_STANDARD

[Global flags]
     intx CICompilerCount                          = 3                                         {product} {ergonomic}
     uint ConcGCThreads                            = 2                                         {product} {ergonomic}
     uint G1ConcRefinementThreads                  = 6                                         {product} {ergonomic}
   size_t G1HeapRegionSize                         = 1048576                                   {product} {ergonomic}
    uintx GCDrainStackTargetSize                   = 64                                        {product} {ergonomic}
   size_t InitialHeapSize                          = 268435456                                 {product} {ergonomic}
   size_t MarkStackSize                            = 4194304                                   {product} {ergonomic}
   size_t MaxHeapSize                              = 4278190080                                {product} {ergonomic}
   size_t MaxNewSize                               = 2566914048                                {product} {ergonomic}
   size_t MinHeapDeltaBytes                        = 1048576                                   {product} {ergonomic}
    uintx NonNMethodCodeHeapSize                   = 5830732                                {pd product} {ergonomic}
    uintx NonProfiledCodeHeapSize                  = 122913754                              {pd product} {ergonomic}
    uintx ProfiledCodeHeapSize                     = 122913754                              {pd product} {ergonomic}
    uintx ReservedCodeCacheSize                    = 251658240                              {pd product} {ergonomic}
     bool SegmentedCodeCache                       = true                                      {product} {ergonomic}
     bool UseCompressedClassPointers               = true                                 {lp64_product} {ergonomic}
     bool UseCompressedOops                        = true                                 {lp64_product} {ergonomic}
     bool UseG1GC                                  = true                                      {product} {ergonomic}
     bool UseLargePagesIndividualAllocation        = false                                  {pd product} {ergonomic}

Logging:
Log output configuration:
 #0: stdout all=warning uptime,level,tags
 #1: stderr all=off uptime,level,tags

Environment Variables:
JAVA_HOME=C:\Program Files\Java\jre7
PATH=C:\Program Files\Java\jdk1.8.0_291\bin;C:\Windows\system32;C:\Windows;C:\Windows\System32\Wbem;C:\Windows\System32\WindowsPowerShell\v1.0\;C:\ProgramData\chocolatey\bin;C:\Program Files\Git\cmd;C:\Program Files\PuTTY\;C:\Program Files (x86)\sbt\bin;C:\Program Files (x86)\Vim\vim82;C:\ProgramData\chocoportable\bin;C:\Program Files\MiKTeX\miktex\bin\x64\;C:\Program Files\Java\jre7\bin;C:\Program Files (x86)\scala\bin;C:\Program Files\MySQL\MySQL Shell 8.0\bin\;C:\Users\Marcin Belicki\AppData\Local\Microsoft\WindowsApps;C:\Users\Marcin Belicki\AppData\Roaming\cabal\bin;C:\tools\ghc-9.0.1\bin;C:\tools\msys64;C:\Users\Marcin Belicki\AppData\Local\Programs\Microsoft VS Code\bin;C:\Program Files\Java\jre1.8.0_291;C:\Program Files\Java\jdk-11.0.11;
USERNAME=Marcin Belicki
OS=Windows_NT
PROCESSOR_IDENTIFIER=Intel64 Family 6 Model 158 Stepping 10, GenuineIntel



---------------  S Y S T E M  ---------------

OS: Windows 10 , 64 bit Build 19041 (10.0.19041.1202)

CPU:total 6 (initial active 6) (6 cores per cpu, 1 threads per core) family 6 model 158 stepping 10 microcode 0xc6, cmov, cx8, fxsr, mmx, sse, sse2, sse3, ssse3, sse4.1, sse4.2, popcnt, avx, avx2, aes, clmul, erms, rtm, 3dnowpref, lzcnt, tsc, tscinvbit, bmi1, bmi2, adx, fma

Memory: 4k page, system-wide physical 16315M (7680M free)
TotalPageFile size 18747M (AvailPageFile size 4093M)
current process WorkingSet (physical memory assigned to process): 89M, peak: 89M
current process commit charge ("private bytes"): 360M, peak: 362M

vm_info: Java HotSpot(TM) 64-Bit Server VM (11.0.11+9-LTS-194) for windows-amd64 JRE (11.0.11+9-LTS-194), built on Mar 18 2021 18:46:53 by "mach5one" with MS VC++ 15.9 (VS2017)

END.
