#
# A fatal error has been detected by the Java Runtime Environment:
#
#  EXCEPTION_ACCESS_VIOLATION (0xc0000005) at pc=0x00007ffeaffe6680, pid=13756, tid=12900
#
# JRE version: Java(TM) SE Runtime Environment 18.9 (11.0.11+9) (build 11.0.11+9-LTS-194)
# Java VM: Java HotSpot(TM) 64-Bit Server VM 18.9 (11.0.11+9-LTS-194, mixed mode, tiered, compressed oops, g1 gc, windows-amd64)
# Problematic frame:
# V  [jvm.dll+0x106680]
#
# No core dump will be written. Minidumps are not enabled by default on client versions of Windows
#
# If you would like to submit a bug report, please visit:
#   https://bugreport.java.com/bugreport/crash.jsp
#

---------------  S U M M A R Y ------------

Command Line: -javaagent:C:\Program Files\JetBrains\IntelliJ IDEA Community Edition 2021.1\lib\idea_rt.jar=51657:C:\Program Files\JetBrains\IntelliJ IDEA Community Edition 2021.1\bin -Dfile.encoding=UTF-8 classes.Presentation

Host: Intel(R) Core(TM) i5-9500 CPU @ 3.00GHz, 6 cores, 15G,  Windows 10 , 64 bit Build 19041 (10.0.19041.1202)
Time: Sun Oct 17 22:05:17 2021 Œrodkowoeuropejski czas letni elapsed time: 0.558937 seconds (0d 0h 0m 0s)

---------------  T H R E A D  ---------------

Current thread (0x000001cbce8bf000):  JavaThread "WindowsNativeRunloopThread" [_thread_in_vm, id=12900, stack(0x0000006644300000,0x0000006644400000)]

Stack: [0x0000006644300000,0x0000006644400000],  sp=0x00000066443ff0f8,  free space=1020k
Native frames: (J=compiled Java code, j=interpreted, Vv=VM code, C=native code)
V  [jvm.dll+0x106680]

Java frames: (J=compiled Java code, j=interpreted, Vv=VM code)
j  com.sun.glass.ui.win.WinApplication._runLoop(Ljava/lang/Runnable;)V+0
j  com.sun.glass.ui.win.WinApplication.lambda$runLoop$3(ILjava/lang/Runnable;)V+8
j  com.sun.glass.ui.win.WinApplication$$Lambda$65.run()V+12
j  java.lang.Thread.run()V+11 java.base@11.0.11
v  ~StubRoutines::call_stub

siginfo: EXCEPTION_ACCESS_VIOLATION (0xc0000005), reading address 0x0000000000000004


Register to memory mapping:

RIP=0x00007ffeaffe6680 jvm.dll
RAX=0x0 is NULL
RBX=0x000001cbce8bf000 is a thread
RCX=0x0000000000000004 is an unknown value
RDX=0x0000000000000006 is an unknown value
RSP=0x00000066443ff0f8 is pointing into the stack for thread: 0x000001cbce8bf000
RBP=0x00000066443ff200 is pointing into the stack for thread: 0x000001cbce8bf000
RSI=0x000001cbce8bf000 is a thread
RDI=0x0000000000000004 is an unknown value
R8 =0x00000066443ff0b8 is pointing into the stack for thread: 0x000001cbce8bf000
R9 =0x0000000000000001 is an unknown value
R10=0x0 is NULL
R11=0x0000000000000246 is an unknown value
R12=0x0 is NULL
R13={method} {0x000001cbcf420ae0} '_runLoop' '(Ljava/lang/Runnable;)V' in 'com/sun/glass/ui/win/WinApplication'
R14=0x000001cbce8bf348 points into unknown readable memory: 00 9d 8a b0 fe 7f 00 00
R15=0x000001cbce8bf000 is a thread


Registers:
RAX=0x0000000000000000, RBX=0x000001cbce8bf000, RCX=0x0000000000000004, RDX=0x0000000000000006
RSP=0x00000066443ff0f8, RBP=0x00000066443ff200, RSI=0x000001cbce8bf000, RDI=0x0000000000000004
R8 =0x00000066443ff0b8, R9 =0x0000000000000001, R10=0x0000000000000000, R11=0x0000000000000246
R12=0x0000000000000000, R13=0x000001cbcf420ad8, R14=0x000001cbce8bf348, R15=0x000001cbce8bf000
RIP=0x00007ffeaffe6680, EFLAGS=0x0000000000010246

Top of Stack: (sp=0x00000066443ff0f8)
0x00000066443ff0f8:   00007ffeb02896d2 000001cbce8bf000
0x00000066443ff108:   00007ffefe04d22f 000001cbce07b480
0x00000066443ff118:   0000000000000000 000001cbce8bf000
0x00000066443ff128:   0000000000000000 00000066443ff250
0x00000066443ff138:   0000000000000004 00000066443ff250
0x00000066443ff148:   000000006a911c2b 0000000000000000
0x00000066443ff158:   00000066443ff248 000001cbce8bf348
0x00000066443ff168:   0000000000000004 000001cbcf420ad8
0x00000066443ff178:   000001cbb12af1c0 000001cbce8bf000
0x00000066443ff188:   000001cbcf420ad8 000001cbce8bf000
0x00000066443ff198:   0000000000000000 000001cbb12a9c10
0x00000066443ff1a8:   000001cbb12af377 000001cbcf420ad8
0x00000066443ff1b8:   00000066443ff228 00000066443ff810
0x00000066443ff1c8:   00000066443ff810 00000066443ff810
0x00000066443ff1d8:   000001cbb12af016 00000066443ff1e0
0x00000066443ff1e8:   000001cbcf420ad8 00000066443ff250 

Instructions: (pc=0x00007ffeaffe6680)
0x00007ffeaffe6660:   48 ff e0 48 8d 05 16 00 00 00 48 8b cb 48 89 05
0x00007ffeaffe6670:   c4 f3 8b 00 48 83 c4 20 5b 48 ff e0 cc cc cc cc
0x00007ffeaffe6680:   48 8b 01 c3 cc cc cc cc cc cc cc cc cc cc cc cc
0x00007ffeaffe6690:   8b 01 85 c0 75 03 33 c0 c3 8b 0d 29 da 8d 00 48 


Stack slot to memory mapping:
stack at sp + 0 slots: 0x00007ffeb02896d2 jvm.dll
stack at sp + 1 slots: 0x000001cbce8bf000 is a thread
stack at sp + 2 slots: 0x00007ffefe04d22f ole32.dll
stack at sp + 3 slots: 0x000001cbce07b480 points into unknown readable memory: 00 00 00 00 00 00 00 00
stack at sp + 4 slots: 0x0 is NULL
stack at sp + 5 slots: 0x000001cbce8bf000 is a thread
stack at sp + 6 slots: 0x0 is NULL
stack at sp + 7 slots: 0x00000066443ff250 is pointing into the stack for thread: 0x000001cbce8bf000


---------------  P R O C E S S  ---------------

Threads class SMR info:
_java_thread_list=0x000001cbce0617e0, length=16, elements={
0x000001cba8dd9000, 0x000001cbccbbc800, 0x000001cbccbbe000, 0x000001cbcd4cb800,
0x000001cbcd4cd800, 0x000001cbcd4d0800, 0x000001cbcd4d4000, 0x000001cbcd4d9000,
0x000001cbcd639000, 0x000001cbcd64a800, 0x000001cbcd995800, 0x000001cbcd996800,
0x000001cbcdda8800, 0x000001cbce06a000, 0x000001cbce397000, 0x000001cbce8bf000
}

Java Threads: ( => current thread )
  0x000001cba8dd9000 JavaThread "main" [_thread_blocked, id=6040, stack(0x0000006642c00000,0x0000006642d00000)]
  0x000001cbccbbc800 JavaThread "Reference Handler" daemon [_thread_blocked, id=11040, stack(0x0000006643300000,0x0000006643400000)]
  0x000001cbccbbe000 JavaThread "Finalizer" daemon [_thread_blocked, id=12848, stack(0x0000006643400000,0x0000006643500000)]
  0x000001cbcd4cb800 JavaThread "Signal Dispatcher" daemon [_thread_blocked, id=1116, stack(0x0000006643500000,0x0000006643600000)]
  0x000001cbcd4cd800 JavaThread "Attach Listener" daemon [_thread_blocked, id=7152, stack(0x0000006643600000,0x0000006643700000)]
  0x000001cbcd4d0800 JavaThread "C2 CompilerThread0" daemon [_thread_blocked, id=7656, stack(0x0000006643700000,0x0000006643800000)]
  0x000001cbcd4d4000 JavaThread "C1 CompilerThread0" daemon [_thread_blocked, id=15764, stack(0x0000006643800000,0x0000006643900000)]
  0x000001cbcd4d9000 JavaThread "Sweeper thread" daemon [_thread_blocked, id=3116, stack(0x0000006643900000,0x0000006643a00000)]
  0x000001cbcd639000 JavaThread "Common-Cleaner" daemon [_thread_blocked, id=6224, stack(0x0000006643a00000,0x0000006643b00000)]
  0x000001cbcd64a800 JavaThread "C2 CompilerThread1" daemon [_thread_blocked, id=12940, stack(0x0000006643b00000,0x0000006643c00000)]
  0x000001cbcd995800 JavaThread "Monitor Ctrl-Break" daemon [_thread_in_native, id=15328, stack(0x0000006643c00000,0x0000006643d00000)]
  0x000001cbcd996800 JavaThread "Service Thread" daemon [_thread_blocked, id=10400, stack(0x0000006643d00000,0x0000006643e00000)]
  0x000001cbcdda8800 JavaThread "JavaFX-Launcher" [_thread_blocked, id=9832, stack(0x0000006643f00000,0x0000006644000000)]
  0x000001cbce06a000 JavaThread "QuantumRenderer-0" daemon [_thread_blocked, id=9220, stack(0x0000006644000000,0x0000006644100000)]
  0x000001cbce397000 JavaThread "InvokeLaterDispatcher" daemon [_thread_blocked, id=9676, stack(0x0000006644200000,0x0000006644300000)]
=>0x000001cbce8bf000 JavaThread "WindowsNativeRunloopThread" [_thread_in_vm, id=12900, stack(0x0000006644300000,0x0000006644400000)]

Other Threads:
  0x000001cbccbbb000 VMThread "VM Thread" [stack: 0x0000006643200000,0x0000006643300000] [id=14584]
  0x000001cbcd998800 WatcherThread [stack: 0x0000006643e00000,0x0000006643f00000] [id=14196]
  0x000001cba8dee000 GCTaskThread "GC Thread#0" [stack: 0x0000006642d00000,0x0000006642e00000] [id=7076]
  0x000001cbce398800 GCTaskThread "GC Thread#1" [stack: 0x0000006644400000,0x0000006644500000] [id=9364]
  0x000001cbce399800 GCTaskThread "GC Thread#2" [stack: 0x0000006644500000,0x0000006644600000] [id=7996]
  0x000001cbce39a000 GCTaskThread "GC Thread#3" [stack: 0x0000006644600000,0x0000006644700000] [id=1496]
  0x000001cbce39a800 GCTaskThread "GC Thread#4" [stack: 0x0000006644700000,0x0000006644800000] [id=2704]
  0x000001cbce0cd800 GCTaskThread "GC Thread#5" [stack: 0x0000006644800000,0x0000006644900000] [id=12052]
  0x000001cba8e4b800 ConcurrentGCThread "G1 Main Marker" [stack: 0x0000006642e00000,0x0000006642f00000] [id=10476]
  0x000001cba8e4c800 ConcurrentGCThread "G1 Conc#0" [stack: 0x0000006642f00000,0x0000006643000000] [id=2856]
  0x000001cbcca92800 ConcurrentGCThread "G1 Refine#0" [stack: 0x0000006643000000,0x0000006643100000] [id=9812]
  0x000001cbcca96800 ConcurrentGCThread "G1 Young RemSet Sampling" [stack: 0x0000006643100000,0x0000006643200000] [id=10572]

Threads with active compile tasks:

VM state:not at safepoint (normal execution)

VM Mutex/Monitor currently owned by a thread: None

Heap address: 0x0000000701000000, size: 4080 MB, Compressed Oops mode: Zero based, Oop shift amount: 3
Narrow klass base: 0x0000000800000000, Narrow klass shift: 0
Compressed class space size: 1073741824 Address: 0x0000000800000000

Heap:
 garbage-first heap   total 262144K, used 3976K [0x0000000701000000, 0x0000000800000000)
  region size 1024K, 4 young (4096K), 3 survivors (3072K)
 Metaspace       used 12969K, capacity 13231K, committed 13312K, reserved 1060864K
  class space    used 1352K, capacity 1461K, committed 1536K, reserved 1048576K
Heap Regions: E=young(eden), S=young(survivor), O=old, HS=humongous(starts), HC=humongous(continues), CS=collection set, F=free, A=archive, TAMS=top-at-mark-start (previous, next)
|   0|0x0000000701000000, 0x00000007010e2200, 0x0000000701100000| 88%| O|  |TAMS 0x0000000701000000, 0x0000000701000000| Untracked 
|   1|0x0000000701100000, 0x0000000701100000, 0x0000000701200000|  0%| F|  |TAMS 0x0000000701100000, 0x0000000701100000| Untracked 
|   2|0x0000000701200000, 0x0000000701200000, 0x0000000701300000|  0%| F|  |TAMS 0x0000000701200000, 0x0000000701200000| Untracked 
|   3|0x0000000701300000, 0x0000000701300000, 0x0000000701400000|  0%| F|  |TAMS 0x0000000701300000, 0x0000000701300000| Untracked 
|   4|0x0000000701400000, 0x0000000701400000, 0x0000000701500000|  0%| F|  |TAMS 0x0000000701400000, 0x0000000701400000| Untracked 
|   5|0x0000000701500000, 0x0000000701500000, 0x0000000701600000|  0%| F|  |TAMS 0x0000000701500000, 0x0000000701500000| Untracked 
|   6|0x0000000701600000, 0x0000000701600000, 0x0000000701700000|  0%| F|  |TAMS 0x0000000701600000, 0x0000000701600000| Untracked 
|   7|0x0000000701700000, 0x0000000701700000, 0x0000000701800000|  0%| F|  |TAMS 0x0000000701700000, 0x0000000701700000| Untracked 
|   8|0x0000000701800000, 0x0000000701800000, 0x0000000701900000|  0%| F|  |TAMS 0x0000000701800000, 0x0000000701800000| Untracked 
|   9|0x0000000701900000, 0x0000000701900000, 0x0000000701a00000|  0%| F|  |TAMS 0x0000000701900000, 0x0000000701900000| Untracked 
|  10|0x0000000701a00000, 0x0000000701a00000, 0x0000000701b00000|  0%| F|  |TAMS 0x0000000701a00000, 0x0000000701a00000| Untracked 
|  11|0x0000000701b00000, 0x0000000701b00000, 0x0000000701c00000|  0%| F|  |TAMS 0x0000000701b00000, 0x0000000701b00000| Untracked 
|  12|0x0000000701c00000, 0x0000000701c00000, 0x0000000701d00000|  0%| F|  |TAMS 0x0000000701c00000, 0x0000000701c00000| Untracked 
|  13|0x0000000701d00000, 0x0000000701d00000, 0x0000000701e00000|  0%| F|  |TAMS 0x0000000701d00000, 0x0000000701d00000| Untracked 
|  14|0x0000000701e00000, 0x0000000701e00000, 0x0000000701f00000|  0%| F|  |TAMS 0x0000000701e00000, 0x0000000701e00000| Untracked 
|  15|0x0000000701f00000, 0x0000000701f00000, 0x0000000702000000|  0%| F|  |TAMS 0x0000000701f00000, 0x0000000701f00000| Untracked 
|  16|0x0000000702000000, 0x0000000702000000, 0x0000000702100000|  0%| F|  |TAMS 0x0000000702000000, 0x0000000702000000| Untracked 
|  17|0x0000000702100000, 0x0000000702100000, 0x0000000702200000|  0%| F|  |TAMS 0x0000000702100000, 0x0000000702100000| Untracked 
|  18|0x0000000702200000, 0x0000000702200000, 0x0000000702300000|  0%| F|  |TAMS 0x0000000702200000, 0x0000000702200000| Untracked 
|  19|0x0000000702300000, 0x0000000702300000, 0x0000000702400000|  0%| F|  |TAMS 0x0000000702300000, 0x0000000702300000| Untracked 
|  20|0x0000000702400000, 0x0000000702400000, 0x0000000702500000|  0%| F|  |TAMS 0x0000000702400000, 0x0000000702400000| Untracked 
|  21|0x0000000702500000, 0x0000000702500000, 0x0000000702600000|  0%| F|  |TAMS 0x0000000702500000, 0x0000000702500000| Untracked 
|  22|0x0000000702600000, 0x0000000702600000, 0x0000000702700000|  0%| F|  |TAMS 0x0000000702600000, 0x0000000702600000| Untracked 
|  23|0x0000000702700000, 0x0000000702700000, 0x0000000702800000|  0%| F|  |TAMS 0x0000000702700000, 0x0000000702700000| Untracked 
|  24|0x0000000702800000, 0x0000000702800000, 0x0000000702900000|  0%| F|  |TAMS 0x0000000702800000, 0x0000000702800000| Untracked 
|  25|0x0000000702900000, 0x0000000702900000, 0x0000000702a00000|  0%| F|  |TAMS 0x0000000702900000, 0x0000000702900000| Untracked 
|  26|0x0000000702a00000, 0x0000000702a00000, 0x0000000702b00000|  0%| F|  |TAMS 0x0000000702a00000, 0x0000000702a00000| Untracked 
|  27|0x0000000702b00000, 0x0000000702b00000, 0x0000000702c00000|  0%| F|  |TAMS 0x0000000702b00000, 0x0000000702b00000| Untracked 
|  28|0x0000000702c00000, 0x0000000702c00000, 0x0000000702d00000|  0%| F|  |TAMS 0x0000000702c00000, 0x0000000702c00000| Untracked 
|  29|0x0000000702d00000, 0x0000000702d00000, 0x0000000702e00000|  0%| F|  |TAMS 0x0000000702d00000, 0x0000000702d00000| Untracked 
|  30|0x0000000702e00000, 0x0000000702e00000, 0x0000000702f00000|  0%| F|  |TAMS 0x0000000702e00000, 0x0000000702e00000| Untracked 
|  31|0x0000000702f00000, 0x0000000702f00000, 0x0000000703000000|  0%| F|  |TAMS 0x0000000702f00000, 0x0000000702f00000| Untracked 
|  32|0x0000000703000000, 0x0000000703000000, 0x0000000703100000|  0%| F|  |TAMS 0x0000000703000000, 0x0000000703000000| Untracked 
|  33|0x0000000703100000, 0x0000000703100000, 0x0000000703200000|  0%| F|  |TAMS 0x0000000703100000, 0x0000000703100000| Untracked 
|  34|0x0000000703200000, 0x0000000703200000, 0x0000000703300000|  0%| F|  |TAMS 0x0000000703200000, 0x0000000703200000| Untracked 
|  35|0x0000000703300000, 0x0000000703300000, 0x0000000703400000|  0%| F|  |TAMS 0x0000000703300000, 0x0000000703300000| Untracked 
|  36|0x0000000703400000, 0x0000000703400000, 0x0000000703500000|  0%| F|  |TAMS 0x0000000703400000, 0x0000000703400000| Untracked 
|  37|0x0000000703500000, 0x0000000703500000, 0x0000000703600000|  0%| F|  |TAMS 0x0000000703500000, 0x0000000703500000| Untracked 
|  38|0x0000000703600000, 0x0000000703600000, 0x0000000703700000|  0%| F|  |TAMS 0x0000000703600000, 0x0000000703600000| Untracked 
|  39|0x0000000703700000, 0x0000000703700000, 0x0000000703800000|  0%| F|  |TAMS 0x0000000703700000, 0x0000000703700000| Untracked 
|  40|0x0000000703800000, 0x0000000703800000, 0x0000000703900000|  0%| F|  |TAMS 0x0000000703800000, 0x0000000703800000| Untracked 
|  41|0x0000000703900000, 0x0000000703900000, 0x0000000703a00000|  0%| F|  |TAMS 0x0000000703900000, 0x0000000703900000| Untracked 
|  42|0x0000000703a00000, 0x0000000703a00000, 0x0000000703b00000|  0%| F|  |TAMS 0x0000000703a00000, 0x0000000703a00000| Untracked 
|  43|0x0000000703b00000, 0x0000000703b00000, 0x0000000703c00000|  0%| F|  |TAMS 0x0000000703b00000, 0x0000000703b00000| Untracked 
|  44|0x0000000703c00000, 0x0000000703c00000, 0x0000000703d00000|  0%| F|  |TAMS 0x0000000703c00000, 0x0000000703c00000| Untracked 
|  45|0x0000000703d00000, 0x0000000703d00000, 0x0000000703e00000|  0%| F|  |TAMS 0x0000000703d00000, 0x0000000703d00000| Untracked 
|  46|0x0000000703e00000, 0x0000000703e00000, 0x0000000703f00000|  0%| F|  |TAMS 0x0000000703e00000, 0x0000000703e00000| Untracked 
|  47|0x0000000703f00000, 0x0000000703f00000, 0x0000000704000000|  0%| F|  |TAMS 0x0000000703f00000, 0x0000000703f00000| Untracked 
|  48|0x0000000704000000, 0x0000000704000000, 0x0000000704100000|  0%| F|  |TAMS 0x0000000704000000, 0x0000000704000000| Untracked 
|  49|0x0000000704100000, 0x0000000704100000, 0x0000000704200000|  0%| F|  |TAMS 0x0000000704100000, 0x0000000704100000| Untracked 
|  50|0x0000000704200000, 0x0000000704200000, 0x0000000704300000|  0%| F|  |TAMS 0x0000000704200000, 0x0000000704200000| Untracked 
|  51|0x0000000704300000, 0x0000000704300000, 0x0000000704400000|  0%| F|  |TAMS 0x0000000704300000, 0x0000000704300000| Untracked 
|  52|0x0000000704400000, 0x0000000704400000, 0x0000000704500000|  0%| F|  |TAMS 0x0000000704400000, 0x0000000704400000| Untracked 
|  53|0x0000000704500000, 0x0000000704500000, 0x0000000704600000|  0%| F|  |TAMS 0x0000000704500000, 0x0000000704500000| Untracked 
|  54|0x0000000704600000, 0x0000000704600000, 0x0000000704700000|  0%| F|  |TAMS 0x0000000704600000, 0x0000000704600000| Untracked 
|  55|0x0000000704700000, 0x0000000704700000, 0x0000000704800000|  0%| F|  |TAMS 0x0000000704700000, 0x0000000704700000| Untracked 
|  56|0x0000000704800000, 0x0000000704800000, 0x0000000704900000|  0%| F|  |TAMS 0x0000000704800000, 0x0000000704800000| Untracked 
|  57|0x0000000704900000, 0x0000000704900000, 0x0000000704a00000|  0%| F|  |TAMS 0x0000000704900000, 0x0000000704900000| Untracked 
|  58|0x0000000704a00000, 0x0000000704a00000, 0x0000000704b00000|  0%| F|  |TAMS 0x0000000704a00000, 0x0000000704a00000| Untracked 
|  59|0x0000000704b00000, 0x0000000704b00000, 0x0000000704c00000|  0%| F|  |TAMS 0x0000000704b00000, 0x0000000704b00000| Untracked 
|  60|0x0000000704c00000, 0x0000000704c00000, 0x0000000704d00000|  0%| F|  |TAMS 0x0000000704c00000, 0x0000000704c00000| Untracked 
|  61|0x0000000704d00000, 0x0000000704d00000, 0x0000000704e00000|  0%| F|  |TAMS 0x0000000704d00000, 0x0000000704d00000| Untracked 
|  62|0x0000000704e00000, 0x0000000704e00000, 0x0000000704f00000|  0%| F|  |TAMS 0x0000000704e00000, 0x0000000704e00000| Untracked 
|  63|0x0000000704f00000, 0x0000000704f00000, 0x0000000705000000|  0%| F|  |TAMS 0x0000000704f00000, 0x0000000704f00000| Untracked 
|  64|0x0000000705000000, 0x0000000705000000, 0x0000000705100000|  0%| F|  |TAMS 0x0000000705000000, 0x0000000705000000| Untracked 
|  65|0x0000000705100000, 0x0000000705100000, 0x0000000705200000|  0%| F|  |TAMS 0x0000000705100000, 0x0000000705100000| Untracked 
|  66|0x0000000705200000, 0x0000000705200000, 0x0000000705300000|  0%| F|  |TAMS 0x0000000705200000, 0x0000000705200000| Untracked 
|  67|0x0000000705300000, 0x0000000705300000, 0x0000000705400000|  0%| F|  |TAMS 0x0000000705300000, 0x0000000705300000| Untracked 
|  68|0x0000000705400000, 0x0000000705400000, 0x0000000705500000|  0%| F|  |TAMS 0x0000000705400000, 0x0000000705400000| Untracked 
|  69|0x0000000705500000, 0x0000000705500000, 0x0000000705600000|  0%| F|  |TAMS 0x0000000705500000, 0x0000000705500000| Untracked 
|  70|0x0000000705600000, 0x0000000705600000, 0x0000000705700000|  0%| F|  |TAMS 0x0000000705600000, 0x0000000705600000| Untracked 
|  71|0x0000000705700000, 0x0000000705700000, 0x0000000705800000|  0%| F|  |TAMS 0x0000000705700000, 0x0000000705700000| Untracked 
|  72|0x0000000705800000, 0x0000000705800000, 0x0000000705900000|  0%| F|  |TAMS 0x0000000705800000, 0x0000000705800000| Untracked 
|  73|0x0000000705900000, 0x0000000705900000, 0x0000000705a00000|  0%| F|  |TAMS 0x0000000705900000, 0x0000000705900000| Untracked 
|  74|0x0000000705a00000, 0x0000000705a00000, 0x0000000705b00000|  0%| F|  |TAMS 0x0000000705a00000, 0x0000000705a00000| Untracked 
|  75|0x0000000705b00000, 0x0000000705b00000, 0x0000000705c00000|  0%| F|  |TAMS 0x0000000705b00000, 0x0000000705b00000| Untracked 
|  76|0x0000000705c00000, 0x0000000705c00000, 0x0000000705d00000|  0%| F|  |TAMS 0x0000000705c00000, 0x0000000705c00000| Untracked 
|  77|0x0000000705d00000, 0x0000000705d00000, 0x0000000705e00000|  0%| F|  |TAMS 0x0000000705d00000, 0x0000000705d00000| Untracked 
|  78|0x0000000705e00000, 0x0000000705e00000, 0x0000000705f00000|  0%| F|  |TAMS 0x0000000705e00000, 0x0000000705e00000| Untracked 
|  79|0x0000000705f00000, 0x0000000705f00000, 0x0000000706000000|  0%| F|  |TAMS 0x0000000705f00000, 0x0000000705f00000| Untracked 
|  80|0x0000000706000000, 0x0000000706000000, 0x0000000706100000|  0%| F|  |TAMS 0x0000000706000000, 0x0000000706000000| Untracked 
|  81|0x0000000706100000, 0x0000000706100000, 0x0000000706200000|  0%| F|  |TAMS 0x0000000706100000, 0x0000000706100000| Untracked 
|  82|0x0000000706200000, 0x0000000706200000, 0x0000000706300000|  0%| F|  |TAMS 0x0000000706200000, 0x0000000706200000| Untracked 
|  83|0x0000000706300000, 0x0000000706300000, 0x0000000706400000|  0%| F|  |TAMS 0x0000000706300000, 0x0000000706300000| Untracked 
|  84|0x0000000706400000, 0x0000000706400000, 0x0000000706500000|  0%| F|  |TAMS 0x0000000706400000, 0x0000000706400000| Untracked 
|  85|0x0000000706500000, 0x0000000706500000, 0x0000000706600000|  0%| F|  |TAMS 0x0000000706500000, 0x0000000706500000| Untracked 
|  86|0x0000000706600000, 0x0000000706600000, 0x0000000706700000|  0%| F|  |TAMS 0x0000000706600000, 0x0000000706600000| Untracked 
|  87|0x0000000706700000, 0x0000000706700000, 0x0000000706800000|  0%| F|  |TAMS 0x0000000706700000, 0x0000000706700000| Untracked 
|  88|0x0000000706800000, 0x0000000706800000, 0x0000000706900000|  0%| F|  |TAMS 0x0000000706800000, 0x0000000706800000| Untracked 
|  89|0x0000000706900000, 0x0000000706900000, 0x0000000706a00000|  0%| F|  |TAMS 0x0000000706900000, 0x0000000706900000| Untracked 
|  90|0x0000000706a00000, 0x0000000706a00000, 0x0000000706b00000|  0%| F|  |TAMS 0x0000000706a00000, 0x0000000706a00000| Untracked 
|  91|0x0000000706b00000, 0x0000000706b00000, 0x0000000706c00000|  0%| F|  |TAMS 0x0000000706b00000, 0x0000000706b00000| Untracked 
|  92|0x0000000706c00000, 0x0000000706c00000, 0x0000000706d00000|  0%| F|  |TAMS 0x0000000706c00000, 0x0000000706c00000| Untracked 
|  93|0x0000000706d00000, 0x0000000706d00000, 0x0000000706e00000|  0%| F|  |TAMS 0x0000000706d00000, 0x0000000706d00000| Untracked 
|  94|0x0000000706e00000, 0x0000000706e00000, 0x0000000706f00000|  0%| F|  |TAMS 0x0000000706e00000, 0x0000000706e00000| Untracked 
|  95|0x0000000706f00000, 0x0000000706f00000, 0x0000000707000000|  0%| F|  |TAMS 0x0000000706f00000, 0x0000000706f00000| Untracked 
|  96|0x0000000707000000, 0x0000000707000000, 0x0000000707100000|  0%| F|  |TAMS 0x0000000707000000, 0x0000000707000000| Untracked 
|  97|0x0000000707100000, 0x0000000707100000, 0x0000000707200000|  0%| F|  |TAMS 0x0000000707100000, 0x0000000707100000| Untracked 
|  98|0x0000000707200000, 0x0000000707200000, 0x0000000707300000|  0%| F|  |TAMS 0x0000000707200000, 0x0000000707200000| Untracked 
|  99|0x0000000707300000, 0x0000000707300000, 0x0000000707400000|  0%| F|  |TAMS 0x0000000707300000, 0x0000000707300000| Untracked 
| 100|0x0000000707400000, 0x0000000707400000, 0x0000000707500000|  0%| F|  |TAMS 0x0000000707400000, 0x0000000707400000| Untracked 
| 101|0x0000000707500000, 0x0000000707500000, 0x0000000707600000|  0%| F|  |TAMS 0x0000000707500000, 0x0000000707500000| Untracked 
| 102|0x0000000707600000, 0x0000000707600000, 0x0000000707700000|  0%| F|  |TAMS 0x0000000707600000, 0x0000000707600000| Untracked 
| 103|0x0000000707700000, 0x0000000707700000, 0x0000000707800000|  0%| F|  |TAMS 0x0000000707700000, 0x0000000707700000| Untracked 
| 104|0x0000000707800000, 0x0000000707800000, 0x0000000707900000|  0%| F|  |TAMS 0x0000000707800000, 0x0000000707800000| Untracked 
| 105|0x0000000707900000, 0x0000000707900000, 0x0000000707a00000|  0%| F|  |TAMS 0x0000000707900000, 0x0000000707900000| Untracked 
| 106|0x0000000707a00000, 0x0000000707a00000, 0x0000000707b00000|  0%| F|  |TAMS 0x0000000707a00000, 0x0000000707a00000| Untracked 
| 107|0x0000000707b00000, 0x0000000707b00000, 0x0000000707c00000|  0%| F|  |TAMS 0x0000000707b00000, 0x0000000707b00000| Untracked 
| 108|0x0000000707c00000, 0x0000000707c00000, 0x0000000707d00000|  0%| F|  |TAMS 0x0000000707c00000, 0x0000000707c00000| Untracked 
| 109|0x0000000707d00000, 0x0000000707d00000, 0x0000000707e00000|  0%| F|  |TAMS 0x0000000707d00000, 0x0000000707d00000| Untracked 
| 110|0x0000000707e00000, 0x0000000707e00000, 0x0000000707f00000|  0%| F|  |TAMS 0x0000000707e00000, 0x0000000707e00000| Untracked 
| 111|0x0000000707f00000, 0x0000000707f00000, 0x0000000708000000|  0%| F|  |TAMS 0x0000000707f00000, 0x0000000707f00000| Untracked 
| 112|0x0000000708000000, 0x0000000708000000, 0x0000000708100000|  0%| F|  |TAMS 0x0000000708000000, 0x0000000708000000| Untracked 
| 113|0x0000000708100000, 0x0000000708100000, 0x0000000708200000|  0%| F|  |TAMS 0x0000000708100000, 0x0000000708100000| Untracked 
| 114|0x0000000708200000, 0x0000000708200000, 0x0000000708300000|  0%| F|  |TAMS 0x0000000708200000, 0x0000000708200000| Untracked 
| 115|0x0000000708300000, 0x0000000708300000, 0x0000000708400000|  0%| F|  |TAMS 0x0000000708300000, 0x0000000708300000| Untracked 
| 116|0x0000000708400000, 0x0000000708400000, 0x0000000708500000|  0%| F|  |TAMS 0x0000000708400000, 0x0000000708400000| Untracked 
| 117|0x0000000708500000, 0x0000000708500000, 0x0000000708600000|  0%| F|  |TAMS 0x0000000708500000, 0x0000000708500000| Untracked 
| 118|0x0000000708600000, 0x0000000708600000, 0x0000000708700000|  0%| F|  |TAMS 0x0000000708600000, 0x0000000708600000| Untracked 
| 119|0x0000000708700000, 0x0000000708700000, 0x0000000708800000|  0%| F|  |TAMS 0x0000000708700000, 0x0000000708700000| Untracked 
| 120|0x0000000708800000, 0x0000000708800000, 0x0000000708900000|  0%| F|  |TAMS 0x0000000708800000, 0x0000000708800000| Untracked 
| 121|0x0000000708900000, 0x0000000708900000, 0x0000000708a00000|  0%| F|  |TAMS 0x0000000708900000, 0x0000000708900000| Untracked 
| 122|0x0000000708a00000, 0x0000000708a00000, 0x0000000708b00000|  0%| F|  |TAMS 0x0000000708a00000, 0x0000000708a00000| Untracked 
| 123|0x0000000708b00000, 0x0000000708b00000, 0x0000000708c00000|  0%| F|  |TAMS 0x0000000708b00000, 0x0000000708b00000| Untracked 
| 124|0x0000000708c00000, 0x0000000708c00000, 0x0000000708d00000|  0%| F|  |TAMS 0x0000000708c00000, 0x0000000708c00000| Untracked 
| 125|0x0000000708d00000, 0x0000000708d00000, 0x0000000708e00000|  0%| F|  |TAMS 0x0000000708d00000, 0x0000000708d00000| Untracked 
| 126|0x0000000708e00000, 0x0000000708e00000, 0x0000000708f00000|  0%| F|  |TAMS 0x0000000708e00000, 0x0000000708e00000| Untracked 
| 127|0x0000000708f00000, 0x0000000708f00000, 0x0000000709000000|  0%| F|  |TAMS 0x0000000708f00000, 0x0000000708f00000| Untracked 
| 128|0x0000000709000000, 0x0000000709000000, 0x0000000709100000|  0%| F|  |TAMS 0x0000000709000000, 0x0000000709000000| Untracked 
| 129|0x0000000709100000, 0x0000000709100000, 0x0000000709200000|  0%| F|  |TAMS 0x0000000709100000, 0x0000000709100000| Untracked 
| 130|0x0000000709200000, 0x0000000709200000, 0x0000000709300000|  0%| F|  |TAMS 0x0000000709200000, 0x0000000709200000| Untracked 
| 131|0x0000000709300000, 0x0000000709300000, 0x0000000709400000|  0%| F|  |TAMS 0x0000000709300000, 0x0000000709300000| Untracked 
| 132|0x0000000709400000, 0x0000000709400000, 0x0000000709500000|  0%| F|  |TAMS 0x0000000709400000, 0x0000000709400000| Untracked 
| 133|0x0000000709500000, 0x0000000709500000, 0x0000000709600000|  0%| F|  |TAMS 0x0000000709500000, 0x0000000709500000| Untracked 
| 134|0x0000000709600000, 0x0000000709600000, 0x0000000709700000|  0%| F|  |TAMS 0x0000000709600000, 0x0000000709600000| Untracked 
| 135|0x0000000709700000, 0x0000000709700000, 0x0000000709800000|  0%| F|  |TAMS 0x0000000709700000, 0x0000000709700000| Untracked 
| 136|0x0000000709800000, 0x0000000709800000, 0x0000000709900000|  0%| F|  |TAMS 0x0000000709800000, 0x0000000709800000| Untracked 
| 137|0x0000000709900000, 0x0000000709900000, 0x0000000709a00000|  0%| F|  |TAMS 0x0000000709900000, 0x0000000709900000| Untracked 
| 138|0x0000000709a00000, 0x0000000709a00000, 0x0000000709b00000|  0%| F|  |TAMS 0x0000000709a00000, 0x0000000709a00000| Untracked 
| 139|0x0000000709b00000, 0x0000000709b00000, 0x0000000709c00000|  0%| F|  |TAMS 0x0000000709b00000, 0x0000000709b00000| Untracked 
| 140|0x0000000709c00000, 0x0000000709c00000, 0x0000000709d00000|  0%| F|  |TAMS 0x0000000709c00000, 0x0000000709c00000| Untracked 
| 141|0x0000000709d00000, 0x0000000709d00000, 0x0000000709e00000|  0%| F|  |TAMS 0x0000000709d00000, 0x0000000709d00000| Untracked 
| 142|0x0000000709e00000, 0x0000000709e00000, 0x0000000709f00000|  0%| F|  |TAMS 0x0000000709e00000, 0x0000000709e00000| Untracked 
| 143|0x0000000709f00000, 0x0000000709f00000, 0x000000070a000000|  0%| F|  |TAMS 0x0000000709f00000, 0x0000000709f00000| Untracked 
| 144|0x000000070a000000, 0x000000070a000000, 0x000000070a100000|  0%| F|  |TAMS 0x000000070a000000, 0x000000070a000000| Untracked 
| 145|0x000000070a100000, 0x000000070a100000, 0x000000070a200000|  0%| F|  |TAMS 0x000000070a100000, 0x000000070a100000| Untracked 
| 146|0x000000070a200000, 0x000000070a200000, 0x000000070a300000|  0%| F|  |TAMS 0x000000070a200000, 0x000000070a200000| Untracked 
| 147|0x000000070a300000, 0x000000070a300000, 0x000000070a400000|  0%| F|  |TAMS 0x000000070a300000, 0x000000070a300000| Untracked 
| 148|0x000000070a400000, 0x000000070a400000, 0x000000070a500000|  0%| F|  |TAMS 0x000000070a400000, 0x000000070a400000| Untracked 
| 149|0x000000070a500000, 0x000000070a500000, 0x000000070a600000|  0%| F|  |TAMS 0x000000070a500000, 0x000000070a500000| Untracked 
| 150|0x000000070a600000, 0x000000070a600000, 0x000000070a700000|  0%| F|  |TAMS 0x000000070a600000, 0x000000070a600000| Untracked 
| 151|0x000000070a700000, 0x000000070a700000, 0x000000070a800000|  0%| F|  |TAMS 0x000000070a700000, 0x000000070a700000| Untracked 
| 152|0x000000070a800000, 0x000000070a800000, 0x000000070a900000|  0%| F|  |TAMS 0x000000070a800000, 0x000000070a800000| Untracked 
| 153|0x000000070a900000, 0x000000070a900000, 0x000000070aa00000|  0%| F|  |TAMS 0x000000070a900000, 0x000000070a900000| Untracked 
| 154|0x000000070aa00000, 0x000000070aa00000, 0x000000070ab00000|  0%| F|  |TAMS 0x000000070aa00000, 0x000000070aa00000| Untracked 
| 155|0x000000070ab00000, 0x000000070ab00000, 0x000000070ac00000|  0%| F|  |TAMS 0x000000070ab00000, 0x000000070ab00000| Untracked 
| 156|0x000000070ac00000, 0x000000070ac00000, 0x000000070ad00000|  0%| F|  |TAMS 0x000000070ac00000, 0x000000070ac00000| Untracked 
| 157|0x000000070ad00000, 0x000000070ad00000, 0x000000070ae00000|  0%| F|  |TAMS 0x000000070ad00000, 0x000000070ad00000| Untracked 
| 158|0x000000070ae00000, 0x000000070ae00000, 0x000000070af00000|  0%| F|  |TAMS 0x000000070ae00000, 0x000000070ae00000| Untracked 
| 159|0x000000070af00000, 0x000000070af00000, 0x000000070b000000|  0%| F|  |TAMS 0x000000070af00000, 0x000000070af00000| Untracked 
| 160|0x000000070b000000, 0x000000070b000000, 0x000000070b100000|  0%| F|  |TAMS 0x000000070b000000, 0x000000070b000000| Untracked 
| 161|0x000000070b100000, 0x000000070b100000, 0x000000070b200000|  0%| F|  |TAMS 0x000000070b100000, 0x000000070b100000| Untracked 
| 162|0x000000070b200000, 0x000000070b200000, 0x000000070b300000|  0%| F|  |TAMS 0x000000070b200000, 0x000000070b200000| Untracked 
| 163|0x000000070b300000, 0x000000070b300000, 0x000000070b400000|  0%| F|  |TAMS 0x000000070b300000, 0x000000070b300000| Untracked 
| 164|0x000000070b400000, 0x000000070b400000, 0x000000070b500000|  0%| F|  |TAMS 0x000000070b400000, 0x000000070b400000| Untracked 
| 165|0x000000070b500000, 0x000000070b500000, 0x000000070b600000|  0%| F|  |TAMS 0x000000070b500000, 0x000000070b500000| Untracked 
| 166|0x000000070b600000, 0x000000070b600000, 0x000000070b700000|  0%| F|  |TAMS 0x000000070b600000, 0x000000070b600000| Untracked 
| 167|0x000000070b700000, 0x000000070b700000, 0x000000070b800000|  0%| F|  |TAMS 0x000000070b700000, 0x000000070b700000| Untracked 
| 168|0x000000070b800000, 0x000000070b800000, 0x000000070b900000|  0%| F|  |TAMS 0x000000070b800000, 0x000000070b800000| Untracked 
| 169|0x000000070b900000, 0x000000070b900000, 0x000000070ba00000|  0%| F|  |TAMS 0x000000070b900000, 0x000000070b900000| Untracked 
| 170|0x000000070ba00000, 0x000000070ba00000, 0x000000070bb00000|  0%| F|  |TAMS 0x000000070ba00000, 0x000000070ba00000| Untracked 
| 171|0x000000070bb00000, 0x000000070bb00000, 0x000000070bc00000|  0%| F|  |TAMS 0x000000070bb00000, 0x000000070bb00000| Untracked 
| 172|0x000000070bc00000, 0x000000070bc00000, 0x000000070bd00000|  0%| F|  |TAMS 0x000000070bc00000, 0x000000070bc00000| Untracked 
| 173|0x000000070bd00000, 0x000000070bd00000, 0x000000070be00000|  0%| F|  |TAMS 0x000000070bd00000, 0x000000070bd00000| Untracked 
| 174|0x000000070be00000, 0x000000070be00000, 0x000000070bf00000|  0%| F|  |TAMS 0x000000070be00000, 0x000000070be00000| Untracked 
| 175|0x000000070bf00000, 0x000000070bf00000, 0x000000070c000000|  0%| F|  |TAMS 0x000000070bf00000, 0x000000070bf00000| Untracked 
| 176|0x000000070c000000, 0x000000070c000000, 0x000000070c100000|  0%| F|  |TAMS 0x000000070c000000, 0x000000070c000000| Untracked 
| 177|0x000000070c100000, 0x000000070c100000, 0x000000070c200000|  0%| F|  |TAMS 0x000000070c100000, 0x000000070c100000| Untracked 
| 178|0x000000070c200000, 0x000000070c200000, 0x000000070c300000|  0%| F|  |TAMS 0x000000070c200000, 0x000000070c200000| Untracked 
| 179|0x000000070c300000, 0x000000070c300000, 0x000000070c400000|  0%| F|  |TAMS 0x000000070c300000, 0x000000070c300000| Untracked 
| 180|0x000000070c400000, 0x000000070c400000, 0x000000070c500000|  0%| F|  |TAMS 0x000000070c400000, 0x000000070c400000| Untracked 
| 181|0x000000070c500000, 0x000000070c500000, 0x000000070c600000|  0%| F|  |TAMS 0x000000070c500000, 0x000000070c500000| Untracked 
| 182|0x000000070c600000, 0x000000070c600000, 0x000000070c700000|  0%| F|  |TAMS 0x000000070c600000, 0x000000070c600000| Untracked 
| 183|0x000000070c700000, 0x000000070c700000, 0x000000070c800000|  0%| F|  |TAMS 0x000000070c700000, 0x000000070c700000| Untracked 
| 184|0x000000070c800000, 0x000000070c800000, 0x000000070c900000|  0%| F|  |TAMS 0x000000070c800000, 0x000000070c800000| Untracked 
| 185|0x000000070c900000, 0x000000070c900000, 0x000000070ca00000|  0%| F|  |TAMS 0x000000070c900000, 0x000000070c900000| Untracked 
| 186|0x000000070ca00000, 0x000000070ca00000, 0x000000070cb00000|  0%| F|  |TAMS 0x000000070ca00000, 0x000000070ca00000| Untracked 
| 187|0x000000070cb00000, 0x000000070cb00000, 0x000000070cc00000|  0%| F|  |TAMS 0x000000070cb00000, 0x000000070cb00000| Untracked 
| 188|0x000000070cc00000, 0x000000070cc00000, 0x000000070cd00000|  0%| F|  |TAMS 0x000000070cc00000, 0x000000070cc00000| Untracked 
| 189|0x000000070cd00000, 0x000000070cd00000, 0x000000070ce00000|  0%| F|  |TAMS 0x000000070cd00000, 0x000000070cd00000| Untracked 
| 190|0x000000070ce00000, 0x000000070ce00000, 0x000000070cf00000|  0%| F|  |TAMS 0x000000070ce00000, 0x000000070ce00000| Untracked 
| 191|0x000000070cf00000, 0x000000070cf00000, 0x000000070d000000|  0%| F|  |TAMS 0x000000070cf00000, 0x000000070cf00000| Untracked 
| 192|0x000000070d000000, 0x000000070d000000, 0x000000070d100000|  0%| F|  |TAMS 0x000000070d000000, 0x000000070d000000| Untracked 
| 193|0x000000070d100000, 0x000000070d100000, 0x000000070d200000|  0%| F|  |TAMS 0x000000070d100000, 0x000000070d100000| Untracked 
| 194|0x000000070d200000, 0x000000070d200000, 0x000000070d300000|  0%| F|  |TAMS 0x000000070d200000, 0x000000070d200000| Untracked 
| 195|0x000000070d300000, 0x000000070d300000, 0x000000070d400000|  0%| F|  |TAMS 0x000000070d300000, 0x000000070d300000| Untracked 
| 196|0x000000070d400000, 0x000000070d400000, 0x000000070d500000|  0%| F|  |TAMS 0x000000070d400000, 0x000000070d400000| Untracked 
| 197|0x000000070d500000, 0x000000070d500000, 0x000000070d600000|  0%| F|  |TAMS 0x000000070d500000, 0x000000070d500000| Untracked 
| 198|0x000000070d600000, 0x000000070d600000, 0x000000070d700000|  0%| F|  |TAMS 0x000000070d600000, 0x000000070d600000| Untracked 
| 199|0x000000070d700000, 0x000000070d700000, 0x000000070d800000|  0%| F|  |TAMS 0x000000070d700000, 0x000000070d700000| Untracked 
| 200|0x000000070d800000, 0x000000070d800000, 0x000000070d900000|  0%| F|  |TAMS 0x000000070d800000, 0x000000070d800000| Untracked 
| 201|0x000000070d900000, 0x000000070d900000, 0x000000070da00000|  0%| F|  |TAMS 0x000000070d900000, 0x000000070d900000| Untracked 
| 202|0x000000070da00000, 0x000000070da00000, 0x000000070db00000|  0%| F|  |TAMS 0x000000070da00000, 0x000000070da00000| Untracked 
| 203|0x000000070db00000, 0x000000070db00000, 0x000000070dc00000|  0%| F|  |TAMS 0x000000070db00000, 0x000000070db00000| Untracked 
| 204|0x000000070dc00000, 0x000000070dc00000, 0x000000070dd00000|  0%| F|  |TAMS 0x000000070dc00000, 0x000000070dc00000| Untracked 
| 205|0x000000070dd00000, 0x000000070dd00000, 0x000000070de00000|  0%| F|  |TAMS 0x000000070dd00000, 0x000000070dd00000| Untracked 
| 206|0x000000070de00000, 0x000000070de00000, 0x000000070df00000|  0%| F|  |TAMS 0x000000070de00000, 0x000000070de00000| Untracked 
| 207|0x000000070df00000, 0x000000070df00000, 0x000000070e000000|  0%| F|  |TAMS 0x000000070df00000, 0x000000070df00000| Untracked 
| 208|0x000000070e000000, 0x000000070e000000, 0x000000070e100000|  0%| F|  |TAMS 0x000000070e000000, 0x000000070e000000| Untracked 
| 209|0x000000070e100000, 0x000000070e100000, 0x000000070e200000|  0%| F|  |TAMS 0x000000070e100000, 0x000000070e100000| Untracked 
| 210|0x000000070e200000, 0x000000070e200000, 0x000000070e300000|  0%| F|  |TAMS 0x000000070e200000, 0x000000070e200000| Untracked 
| 211|0x000000070e300000, 0x000000070e300000, 0x000000070e400000|  0%| F|  |TAMS 0x000000070e300000, 0x000000070e300000| Untracked 
| 212|0x000000070e400000, 0x000000070e400000, 0x000000070e500000|  0%| F|  |TAMS 0x000000070e400000, 0x000000070e400000| Untracked 
| 213|0x000000070e500000, 0x000000070e500000, 0x000000070e600000|  0%| F|  |TAMS 0x000000070e500000, 0x000000070e500000| Untracked 
| 214|0x000000070e600000, 0x000000070e600000, 0x000000070e700000|  0%| F|  |TAMS 0x000000070e600000, 0x000000070e600000| Untracked 
| 215|0x000000070e700000, 0x000000070e700000, 0x000000070e800000|  0%| F|  |TAMS 0x000000070e700000, 0x000000070e700000| Untracked 
| 216|0x000000070e800000, 0x000000070e800000, 0x000000070e900000|  0%| F|  |TAMS 0x000000070e800000, 0x000000070e800000| Untracked 
| 217|0x000000070e900000, 0x000000070e900000, 0x000000070ea00000|  0%| F|  |TAMS 0x000000070e900000, 0x000000070e900000| Untracked 
| 218|0x000000070ea00000, 0x000000070ea00000, 0x000000070eb00000|  0%| F|  |TAMS 0x000000070ea00000, 0x000000070ea00000| Untracked 
| 219|0x000000070eb00000, 0x000000070eb00000, 0x000000070ec00000|  0%| F|  |TAMS 0x000000070eb00000, 0x000000070eb00000| Untracked 
| 220|0x000000070ec00000, 0x000000070ec00000, 0x000000070ed00000|  0%| F|  |TAMS 0x000000070ec00000, 0x000000070ec00000| Untracked 
| 221|0x000000070ed00000, 0x000000070ed00000, 0x000000070ee00000|  0%| F|  |TAMS 0x000000070ed00000, 0x000000070ed00000| Untracked 
| 222|0x000000070ee00000, 0x000000070ee00000, 0x000000070ef00000|  0%| F|  |TAMS 0x000000070ee00000, 0x000000070ee00000| Untracked 
| 223|0x000000070ef00000, 0x000000070ef00000, 0x000000070f000000|  0%| F|  |TAMS 0x000000070ef00000, 0x000000070ef00000| Untracked 
| 224|0x000000070f000000, 0x000000070f000000, 0x000000070f100000|  0%| F|  |TAMS 0x000000070f000000, 0x000000070f000000| Untracked 
| 225|0x000000070f100000, 0x000000070f100000, 0x000000070f200000|  0%| F|  |TAMS 0x000000070f100000, 0x000000070f100000| Untracked 
| 226|0x000000070f200000, 0x000000070f200000, 0x000000070f300000|  0%| F|  |TAMS 0x000000070f200000, 0x000000070f200000| Untracked 
| 227|0x000000070f300000, 0x000000070f300000, 0x000000070f400000|  0%| F|  |TAMS 0x000000070f300000, 0x000000070f300000| Untracked 
| 228|0x000000070f400000, 0x000000070f400000, 0x000000070f500000|  0%| F|  |TAMS 0x000000070f400000, 0x000000070f400000| Untracked 
| 229|0x000000070f500000, 0x000000070f500000, 0x000000070f600000|  0%| F|  |TAMS 0x000000070f500000, 0x000000070f500000| Untracked 
| 230|0x000000070f600000, 0x000000070f600000, 0x000000070f700000|  0%| F|  |TAMS 0x000000070f600000, 0x000000070f600000| Untracked 
| 231|0x000000070f700000, 0x000000070f800000, 0x000000070f800000|100%| S|CS|TAMS 0x000000070f700000, 0x000000070f700000| Complete 
| 232|0x000000070f800000, 0x000000070f900000, 0x000000070f900000|100%| S|CS|TAMS 0x000000070f800000, 0x000000070f800000| Complete 
| 233|0x000000070f900000, 0x000000070fa00000, 0x000000070fa00000|100%| S|CS|TAMS 0x000000070f900000, 0x000000070f900000| Complete 
| 234|0x000000070fa00000, 0x000000070fa00000, 0x000000070fb00000|  0%| F|  |TAMS 0x000000070fa00000, 0x000000070fa00000| Untracked 
| 235|0x000000070fb00000, 0x000000070fb00000, 0x000000070fc00000|  0%| F|  |TAMS 0x000000070fb00000, 0x000000070fb00000| Untracked 
| 236|0x000000070fc00000, 0x000000070fc00000, 0x000000070fd00000|  0%| F|  |TAMS 0x000000070fc00000, 0x000000070fc00000| Untracked 
| 237|0x000000070fd00000, 0x000000070fd00000, 0x000000070fe00000|  0%| F|  |TAMS 0x000000070fd00000, 0x000000070fd00000| Untracked 
| 238|0x000000070fe00000, 0x000000070fe00000, 0x000000070ff00000|  0%| F|  |TAMS 0x000000070fe00000, 0x000000070fe00000| Untracked 
| 239|0x000000070ff00000, 0x000000070ff00000, 0x0000000710000000|  0%| F|  |TAMS 0x000000070ff00000, 0x000000070ff00000| Untracked 
| 240|0x0000000710000000, 0x0000000710000000, 0x0000000710100000|  0%| F|  |TAMS 0x0000000710000000, 0x0000000710000000| Untracked 
| 241|0x0000000710100000, 0x0000000710100000, 0x0000000710200000|  0%| F|  |TAMS 0x0000000710100000, 0x0000000710100000| Untracked 
| 242|0x0000000710200000, 0x0000000710200000, 0x0000000710300000|  0%| F|  |TAMS 0x0000000710200000, 0x0000000710200000| Untracked 
| 243|0x0000000710300000, 0x0000000710300000, 0x0000000710400000|  0%| F|  |TAMS 0x0000000710300000, 0x0000000710300000| Untracked 
| 244|0x0000000710400000, 0x0000000710400000, 0x0000000710500000|  0%| F|  |TAMS 0x0000000710400000, 0x0000000710400000| Untracked 
| 245|0x0000000710500000, 0x0000000710500000, 0x0000000710600000|  0%| F|  |TAMS 0x0000000710500000, 0x0000000710500000| Untracked 
| 246|0x0000000710600000, 0x0000000710600000, 0x0000000710700000|  0%| F|  |TAMS 0x0000000710600000, 0x0000000710600000| Untracked 
| 247|0x0000000710700000, 0x0000000710700000, 0x0000000710800000|  0%| F|  |TAMS 0x0000000710700000, 0x0000000710700000| Untracked 
| 248|0x0000000710800000, 0x0000000710800000, 0x0000000710900000|  0%| F|  |TAMS 0x0000000710800000, 0x0000000710800000| Untracked 
| 249|0x0000000710900000, 0x0000000710900000, 0x0000000710a00000|  0%| F|  |TAMS 0x0000000710900000, 0x0000000710900000| Untracked 
| 250|0x0000000710a00000, 0x0000000710a00000, 0x0000000710b00000|  0%| F|  |TAMS 0x0000000710a00000, 0x0000000710a00000| Untracked 
| 251|0x0000000710b00000, 0x0000000710b00000, 0x0000000710c00000|  0%| F|  |TAMS 0x0000000710b00000, 0x0000000710b00000| Untracked 
| 252|0x0000000710c00000, 0x0000000710c00000, 0x0000000710d00000|  0%| F|  |TAMS 0x0000000710c00000, 0x0000000710c00000| Untracked 
| 253|0x0000000710d00000, 0x0000000710d00000, 0x0000000710e00000|  0%| F|  |TAMS 0x0000000710d00000, 0x0000000710d00000| Untracked 
| 254|0x0000000710e00000, 0x0000000710e00000, 0x0000000710f00000|  0%| F|  |TAMS 0x0000000710e00000, 0x0000000710e00000| Untracked 
| 255|0x0000000710f00000, 0x0000000710f00800, 0x0000000711000000|  0%| E|  |TAMS 0x0000000710f00000, 0x0000000710f00000| Complete 

Card table byte_map: [0x000001cbc12f0000,0x000001cbc1af0000] _byte_map_base: 0x000001cbbdae8000

Marking Bits (Prev, Next): (CMBitMap*) 0x000001cba8e3a7f8, (CMBitMap*) 0x000001cba8e3a830
 Prev Bits: [0x000001cbc22f0000, 0x000001cbc62b0000)
 Next Bits: [0x000001cbc62b0000, 0x000001cbca270000)

Polling page: 0x000001cba7600000

Metaspace:

Usage:
  Non-class:     11.49 MB capacity,    11.35 MB ( 99%) used,   123.20 KB (  1%) free+waste,    29.31 KB ( <1%) overhead. 
      Class:      1.43 MB capacity,     1.32 MB ( 93%) used,    94.16 KB (  6%) free+waste,    14.50 KB ( <1%) overhead. 
       Both:     12.92 MB capacity,    12.67 MB ( 98%) used,   217.35 KB (  2%) free+waste,    43.81 KB ( <1%) overhead. 

Virtual space:
  Non-class space:       12.00 MB reserved,      11.50 MB ( 96%) committed 
      Class space:        1.00 GB reserved,       1.50 MB ( <1%) committed 
             Both:        1.01 GB reserved,      13.00 MB (  1%) committed 

Chunk freelists:
   Non-Class:  768 bytes
       Class:  1.38 KB
        Both:  2.13 KB

CodeHeap 'non-profiled nmethods': size=120064Kb used=327Kb max_used=327Kb free=119737Kb
 bounds [0x000001cbb8d60000, 0x000001cbb8fd0000, 0x000001cbc02a0000]
CodeHeap 'profiled nmethods': size=120000Kb used=1731Kb max_used=1731Kb free=118268Kb
 bounds [0x000001cbb1830000, 0x000001cbb1aa0000, 0x000001cbb8d60000]
CodeHeap 'non-nmethods': size=5696Kb used=1117Kb max_used=1144Kb free=4579Kb
 bounds [0x000001cbb12a0000, 0x000001cbb1510000, 0x000001cbb1830000]
 total_blobs=1399 nmethods=966 adapters=345
 compilation: enabled
              stopped_count=0, restarted_count=0
 full_count=0

Compilation events (10 events):
Event: 0.548 Thread 0x000001cbcd4d4000 nmethod 956 0x000001cbb19d8810 code [0x000001cbb19d89e0, 0x000001cbb19d8e18]
Event: 0.548 Thread 0x000001cbcd4d4000  955       3       java.lang.invoke.MemberName::isCallerSensitive (7 bytes)
Event: 0.548 Thread 0x000001cbcd4d4000 nmethod 955 0x000001cbb19d9090 code [0x000001cbb19d9240, 0x000001cbb19d9478]
Event: 0.548 Thread 0x000001cbcd4d4000  961       3       java.lang.invoke.InvokerBytecodeGenerator::<init> (80 bytes)
Event: 0.548 Thread 0x000001cbcd4d4000 nmethod 961 0x000001cbb19d9590 code [0x000001cbb19d9760, 0x000001cbb19d9b28]
Event: 0.548 Thread 0x000001cbcd4d4000  962       3       jdk.internal.org.objectweb.asm.ClassWriter::toByteArray (1423 bytes)
Event: 0.553 Thread 0x000001cbcd4d4000 nmethod 962 0x000001cbb19d9d90 code [0x000001cbb19da660, 0x000001cbb19de388]
Event: 0.553 Thread 0x000001cbcd4d4000  966   !   3       java.lang.ref.ReferenceQueue::enqueue (119 bytes)
Event: 0.554 Thread 0x000001cbcd4d4000 nmethod 966 0x000001cbb19dfb10 code [0x000001cbb19dfd00, 0x000001cbb19e04c8]
Event: 0.554 Thread 0x000001cbcd4d4000  964       3       jdk.internal.org.objectweb.asm.MethodVisitor::<init> (35 bytes)

GC Heap History (2 events):
Event: 0.549 GC heap before
{Heap before GC invocations=0 (full 0):
 garbage-first heap   total 262144K, used 21504K [0x0000000701000000, 0x0000000800000000)
  region size 1024K, 22 young (22528K), 0 survivors (0K)
 Metaspace       used 12968K, capacity 13231K, committed 13312K, reserved 1060864K
  class space    used 1352K, capacity 1461K, committed 1536K, reserved 1048576K
}
Event: 0.551 GC heap after
{Heap after GC invocations=1 (full 0):
 garbage-first heap   total 262144K, used 3976K [0x0000000701000000, 0x0000000800000000)
  region size 1024K, 3 young (3072K), 3 survivors (3072K)
 Metaspace       used 12968K, capacity 13231K, committed 13312K, reserved 1060864K
  class space    used 1352K, capacity 1461K, committed 1536K, reserved 1048576K
}

Deoptimization events (10 events):
Event: 0.355 Thread 0x000001cbcdda8800 Uncommon trap: reason=profile_predicate action=maybe_recompile pc=0x000001cbb8d7ebd4 method=java.lang.StringLatin1.indexOf([BI[BII)I @ 18 c2
Event: 0.355 Thread 0x000001cbcdda8800 Uncommon trap: reason=profile_predicate action=maybe_recompile pc=0x000001cbb8d7ebd4 method=java.lang.StringLatin1.indexOf([BI[BII)I @ 18 c2
Event: 0.476 Thread 0x000001cbce06a000 Uncommon trap: reason=unstable_if action=reinterpret pc=0x000001cbb8da1fbc method=sun.net.www.ParseUtil.firstEncodeIndex(Ljava/lang/String;)I @ 51 c2
Event: 0.477 Thread 0x000001cbce06a000 Uncommon trap: reason=unstable_if action=reinterpret pc=0x000001cbb8d94a24 method=java.lang.StringLatin1.indexOf([BI[BII)I @ 91 c2
Event: 0.477 Thread 0x000001cbce06a000 Uncommon trap: reason=unstable_if action=reinterpret pc=0x000001cbb8da729c method=java.io.WinNTFileSystem.normalize(Ljava/lang/String;)Ljava/lang/String; @ 104 c2
Event: 0.478 Thread 0x000001cbce06a000 Uncommon trap: reason=class_check action=maybe_recompile pc=0x000001cbb8d92e54 method=java.util.HashMap.getNode(ILjava/lang/Object;)Ljava/util/HashMap$Node; @ 59 c2
Event: 0.483 Thread 0x000001cbce06a000 Uncommon trap: reason=unstable_if action=reinterpret pc=0x000001cbb8d6cad0 method=java.util.HashMap.putVal(ILjava/lang/Object;Ljava/lang/Object;ZZ)Ljava/lang/Object; @ 181 c2
Event: 0.484 Thread 0x000001cbce06a000 Uncommon trap: reason=bimorphic_or_optimized_type_check action=maybe_recompile pc=0x000001cbb8da56e0 method=java.util.concurrent.ConcurrentHashMap.get(Ljava/lang/Object;)Ljava/lang/Object; @ 149 c2
Event: 0.484 Thread 0x000001cbce06a000 Uncommon trap: reason=bimorphic_or_optimized_type_check action=maybe_recompile pc=0x000001cbb8da56e0 method=java.util.concurrent.ConcurrentHashMap.get(Ljava/lang/Object;)Ljava/lang/Object; @ 149 c2
Event: 0.490 Thread 0x000001cbce06a000 Uncommon trap: reason=bimorphic_or_optimized_type_check action=maybe_recompile pc=0x000001cbb8da56e0 method=java.util.concurrent.ConcurrentHashMap.get(Ljava/lang/Object;)Ljava/lang/Object; @ 149 c2

Classes redefined (0 events):
No events

Internal exceptions (10 events):
Event: 0.343 Thread 0x000001cbcdda8800 Exception <a 'java/lang/NoSuchMethodError'{0x00000007100aee28}: java.lang.invoke.DirectMethodHandle$Holder.invokeStatic(Ljava/lang/Object;Ljava/lang/Object;Ljava/lang/Object;Ljava/lang/Object;Ljava/lang/Object;Ljava/lang/Object;Ljava/lang/Object;Ljava/lan
Event: 0.344 Thread 0x000001cbcdda8800 Exception <a 'java/lang/NoSuchMethodError'{0x00000007100ca250}: java.lang.invoke.DirectMethodHandle$Holder.invokeStatic(Ljava/lang/Object;Ljava/lang/Object;Ljava/lang/Object;Ljava/lang/Object;Ljava/lang/Object;Ljava/lang/Object;Ljava/lang/Object;Ljava/lan
Event: 0.346 Thread 0x000001cbcdda8800 Exception <a 'java/lang/NoSuchMethodError'{0x00000007100e5630}: java.lang.invoke.DirectMethodHandle$Holder.invokeStatic(Ljava/lang/Object;Ljava/lang/Object;Ljava/lang/Object;Ljava/lang/Object;Ljava/lang/Object;Ljava/lang/Object;Ljava/lang/Object;Ljava/lan
Event: 0.377 Thread 0x000001cbcdda8800 Exception <a 'java/lang/NoSuchMethodError'{0x000000070fe78298}: java.lang.invoke.DirectMethodHandle$Holder.invokeStatic(Ljava/lang/Object;Ljava/lang/Object;Ljava/lang/Object;Ljava/lang/Object;Ljava/lang/Object;Ljava/lang/Object;Ljava/lang/Object;Ljava/lan
Event: 0.378 Thread 0x000001cbcdda8800 Exception <a 'java/lang/NoSuchMethodError'{0x000000070fe96190}: java.lang.invoke.DirectMethodHandle$Holder.invokeStatic(Ljava/lang/Object;Ljava/lang/Object;Ljava/lang/Object;Ljava/lang/Object;Ljava/lang/Object;Ljava/lang/Object;Ljava/lang/Object;Ljava/lan
Event: 0.379 Thread 0x000001cbcdda8800 Exception <a 'java/lang/NoSuchMethodError'{0x000000070feb4f18}: java.lang.invoke.DirectMethodHandle$Holder.invokeStatic(Ljava/lang/Object;Ljava/lang/Object;Ljava/lang/Object;Ljava/lang/Object;Ljava/lang/Object;Ljava/lang/Object;Ljava/lang/Object;Ljava/lan
Event: 0.380 Thread 0x000001cbcdda8800 Exception <a 'java/lang/NoSuchMethodError'{0x000000070fed5720}: java.lang.invoke.DirectMethodHandle$Holder.invokeStatic(Ljava/lang/Object;Ljava/lang/Object;Ljava/lang/Object;Ljava/lang/Object;Ljava/lang/Object;Ljava/lang/Object;Ljava/lang/Object;Ljava/lan
Event: 0.532 Thread 0x000001cbcdda8800 Exception <a 'java/lang/NoSuchMethodError'{0x000000070fcc4898}: java.lang.invoke.DirectMethodHandle$Holder.invokeStaticInit(Ljava/lang/Object;Ljava/lang/Object;Ljava/lang/Object;)I> (0x000000070fcc4898) thrown at [./open/src/hotspot/share/interpreter/link
Event: 0.548 Thread 0x000001cbcdda8800 Exception <a 'java/lang/NoSuchMethodError'{0x000000070fa9e198}: java.lang.invoke.DirectMethodHandle$Holder.invokeStatic(Ljava/lang/Object;Ljava/lang/Object;ILjava/lang/Object;)Ljava/lang/Object;> (0x000000070fa9e198) thrown at [./open/src/hotspot/share/in
Event: 0.548 Thread 0x000001cbcdda8800 Exception <a 'java/lang/NoSuchMethodError'{0x000000070faa49c0}: java.lang.invoke.Invokers$Holder.linkToTargetMethod(Ljava/lang/Object;ILjava/lang/Object;Ljava/lang/Object;)Ljava/lang/Object;> (0x000000070faa49c0) thrown at [./open/src/hotspot/share/interp

Events (10 events):
Event: 0.548 loading class com/sun/glass/ui/win/WinApplication done
Event: 0.548 loading class com/sun/glass/ui/win/WinApplication
Event: 0.548 loading class com/sun/glass/ui/win/WinApplication done
Event: 0.549 Thread 0x000001cbce8bf000 Thread added: 0x000001cbce8bf000
Event: 0.549 Executing VM operation: G1CollectForAllocation
Event: 0.551 Executing VM operation: G1CollectForAllocation done
Event: 0.551 Executing VM operation: RevokeBias
Event: 0.551 Executing VM operation: RevokeBias done
Event: 0.551 Executing VM operation: RevokeBias
Event: 0.551 Executing VM operation: RevokeBias done


Dynamic libraries:
0x00007ff6967a0000 - 0x00007ff6967af000 	C:\Program Files\Java\jdk-11.0.11\bin\java.exe
0x00007ffeff0d0000 - 0x00007ffeff2c5000 	C:\Windows\SYSTEM32\ntdll.dll
0x00007ffefde10000 - 0x00007ffefdece000 	C:\Windows\System32\KERNEL32.DLL
0x00007ffefc8a0000 - 0x00007ffefcb69000 	C:\Windows\System32\KERNELBASE.dll
0x00007ffefce20000 - 0x00007ffefcf20000 	C:\Windows\System32\ucrtbase.dll
0x00007ffeeea40000 - 0x00007ffeeea55000 	C:\Program Files\Java\jdk-11.0.11\bin\VCRUNTIME140.dll
0x00007ffeec650000 - 0x00007ffeec668000 	C:\Program Files\Java\jdk-11.0.11\bin\jli.dll
0x00007ffefdc40000 - 0x00007ffefdcec000 	C:\Windows\System32\ADVAPI32.dll
0x00007ffefec00000 - 0x00007ffefec9e000 	C:\Windows\System32\msvcrt.dll
0x00007ffefe170000 - 0x00007ffefe20b000 	C:\Windows\System32\sechost.dll
0x00007ffefd570000 - 0x00007ffefd69a000 	C:\Windows\System32\RPCRT4.dll
0x00007ffefee50000 - 0x00007ffefeff1000 	C:\Windows\System32\USER32.dll
0x00007ffefcb70000 - 0x00007ffefcb92000 	C:\Windows\System32\win32u.dll
0x00007ffefdd70000 - 0x00007ffefdd9b000 	C:\Windows\System32\GDI32.dll
0x00007ffefcce0000 - 0x00007ffefcdeb000 	C:\Windows\System32\gdi32full.dll
0x00007ffefd080000 - 0x00007ffefd11d000 	C:\Windows\System32\msvcp_win.dll
0x00007ffee8a90000 - 0x00007ffee8d2a000 	C:\Windows\WinSxS\amd64_microsoft.windows.common-controls_6595b64144ccf1df_6.0.19041.1110_none_60b5254171f9507e\COMCTL32.dll
0x00007ffef4360000 - 0x00007ffef436a000 	C:\Windows\SYSTEM32\VERSION.dll
0x00007ffefded0000 - 0x00007ffefdf00000 	C:\Windows\System32\IMM32.DLL
0x00007ffec4300000 - 0x00007ffec439b000 	C:\Program Files\Java\jdk-11.0.11\bin\msvcp140.dll
0x00007ffeafee0000 - 0x00007ffeb09de000 	C:\Program Files\Java\jdk-11.0.11\bin\server\jvm.dll
0x00007ffefebf0000 - 0x00007ffefebf8000 	C:\Windows\System32\PSAPI.DLL
0x00007ffee9510000 - 0x00007ffee9519000 	C:\Windows\SYSTEM32\WSOCK32.dll
0x00007ffefdda0000 - 0x00007ffefde0b000 	C:\Windows\System32\WS2_32.dll
0x00007ffef6970000 - 0x00007ffef6997000 	C:\Windows\SYSTEM32\WINMM.dll
0x00007ffefa710000 - 0x00007ffefa722000 	C:\Windows\SYSTEM32\kernel.appcore.dll
0x00007ffeeff40000 - 0x00007ffeeff50000 	C:\Program Files\Java\jdk-11.0.11\bin\verify.dll
0x00007ffeeb1d0000 - 0x00007ffeeb3b4000 	C:\Windows\SYSTEM32\DBGHELP.DLL
0x00007ffeeaf40000 - 0x00007ffeeaf6c000 	C:\Windows\SYSTEM32\dbgcore.DLL
0x00007ffefcbf0000 - 0x00007ffefcc73000 	C:\Windows\System32\bcryptPrimitives.dll
0x00007ffee9f00000 - 0x00007ffee9f28000 	C:\Program Files\Java\jdk-11.0.11\bin\java.dll
0x00007ffeeeef0000 - 0x00007ffeeeefa000 	C:\Program Files\Java\jdk-11.0.11\bin\jimage.dll
0x00007ffeee100000 - 0x00007ffeee10e000 	C:\Program Files\Java\jdk-11.0.11\bin\instrument.dll
0x00007ffeec630000 - 0x00007ffeec646000 	C:\Program Files\Java\jdk-11.0.11\bin\zip.dll
0x00007ffefe210000 - 0x00007ffefe94f000 	C:\Windows\System32\SHELL32.dll
0x00007ffefa910000 - 0x00007ffefb0a0000 	C:\Windows\SYSTEM32\windows.storage.dll
0x00007ffefd120000 - 0x00007ffefd475000 	C:\Windows\System32\combase.dll
0x00007ffefc170000 - 0x00007ffefc19c000 	C:\Windows\SYSTEM32\Wldp.dll
0x00007ffefe950000 - 0x00007ffefe9fd000 	C:\Windows\System32\SHCORE.dll
0x00007ffefd6a0000 - 0x00007ffefd6f5000 	C:\Windows\System32\shlwapi.dll
0x00007ffefc730000 - 0x00007ffefc74f000 	C:\Windows\SYSTEM32\profapi.dll
0x00007ffee9ee0000 - 0x00007ffee9ef9000 	C:\Program Files\Java\jdk-11.0.11\bin\net.dll
0x00007ffef1390000 - 0x00007ffef1498000 	C:\Windows\SYSTEM32\WINHTTP.dll
0x00007ffefbed0000 - 0x00007ffefbf3a000 	C:\Windows\system32\mswsock.dll
0x00007ffee60d0000 - 0x00007ffee60e2000 	C:\Program Files\Java\jdk-11.0.11\bin\nio.dll
0x00007ffec98c0000 - 0x00007ffec98da000 	C:\Program Files\JetBrains\IntelliJ IDEA Community Edition 2021.1\bin\breakgen64.dll
0x000001cbcf4f0000 - 0x000001cbcf4f3000 	C:\Program Files\Java\jdk-11.0.11\bin\api-ms-win-core-console-l1-1-0.dll
0x000001cbcf500000 - 0x000001cbcf503000 	C:\Program Files\Java\jdk-11.0.11\bin\api-ms-win-core-datetime-l1-1-0.dll
0x000001cbcf510000 - 0x000001cbcf513000 	C:\Program Files\Java\jdk-11.0.11\bin\api-ms-win-core-debug-l1-1-0.dll
0x000001cbcf520000 - 0x000001cbcf523000 	C:\Program Files\Java\jdk-11.0.11\bin\api-ms-win-core-errorhandling-l1-1-0.dll
0x000001cbcf530000 - 0x000001cbcf534000 	C:\Program Files\Java\jdk-11.0.11\bin\api-ms-win-core-file-l1-1-0.dll
0x000001cbcf540000 - 0x000001cbcf543000 	C:\Program Files\Java\jdk-11.0.11\bin\api-ms-win-core-file-l1-2-0.dll
0x000001cbcf550000 - 0x000001cbcf553000 	C:\Program Files\Java\jdk-11.0.11\bin\api-ms-win-core-file-l2-1-0.dll
0x000001cbcf560000 - 0x000001cbcf563000 	C:\Program Files\Java\jdk-11.0.11\bin\api-ms-win-core-handle-l1-1-0.dll
0x000001cbcf570000 - 0x000001cbcf573000 	C:\Program Files\Java\jdk-11.0.11\bin\api-ms-win-core-heap-l1-1-0.dll
0x000001cbcf580000 - 0x000001cbcf583000 	C:\Program Files\Java\jdk-11.0.11\bin\api-ms-win-core-interlocked-l1-1-0.dll
0x000001cbcf590000 - 0x000001cbcf593000 	C:\Program Files\Java\jdk-11.0.11\bin\api-ms-win-core-libraryloader-l1-1-0.dll
0x000001cbcf5a0000 - 0x000001cbcf5a3000 	C:\Program Files\Java\jdk-11.0.11\bin\api-ms-win-core-localization-l1-2-0.dll
0x000001cbcf5b0000 - 0x000001cbcf5b3000 	C:\Program Files\Java\jdk-11.0.11\bin\api-ms-win-core-memory-l1-1-0.dll
0x000001cbcf5c0000 - 0x000001cbcf5c3000 	C:\Program Files\Java\jdk-11.0.11\bin\api-ms-win-core-namedpipe-l1-1-0.dll
0x000001cbcf5d0000 - 0x000001cbcf5d3000 	C:\Program Files\Java\jdk-11.0.11\bin\api-ms-win-core-processenvironment-l1-1-0.dll
0x000001cbcf5e0000 - 0x000001cbcf5e3000 	C:\Program Files\Java\jdk-11.0.11\bin\api-ms-win-core-processthreads-l1-1-0.dll
0x000001cbcf5f0000 - 0x000001cbcf5f3000 	C:\Program Files\Java\jdk-11.0.11\bin\api-ms-win-core-processthreads-l1-1-1.dll
0x000001cbcf600000 - 0x000001cbcf603000 	C:\Program Files\Java\jdk-11.0.11\bin\api-ms-win-core-profile-l1-1-0.dll
0x000001cbcf610000 - 0x000001cbcf613000 	C:\Program Files\Java\jdk-11.0.11\bin\api-ms-win-core-rtlsupport-l1-1-0.dll
0x000001cbcf620000 - 0x000001cbcf623000 	C:\Program Files\Java\jdk-11.0.11\bin\api-ms-win-core-string-l1-1-0.dll
0x000001cbcf630000 - 0x000001cbcf633000 	C:\Program Files\Java\jdk-11.0.11\bin\api-ms-win-core-synch-l1-1-0.dll
0x000001cbcf640000 - 0x000001cbcf643000 	C:\Program Files\Java\jdk-11.0.11\bin\api-ms-win-core-synch-l1-2-0.dll
0x000001cbcf650000 - 0x000001cbcf653000 	C:\Program Files\Java\jdk-11.0.11\bin\api-ms-win-core-sysinfo-l1-1-0.dll
0x000001cbcf660000 - 0x000001cbcf663000 	C:\Program Files\Java\jdk-11.0.11\bin\api-ms-win-core-timezone-l1-1-0.dll
0x000001cbcf670000 - 0x000001cbcf673000 	C:\Program Files\Java\jdk-11.0.11\bin\api-ms-win-core-util-l1-1-0.dll
0x000001cbcf680000 - 0x000001cbcf683000 	C:\Program Files\Java\jdk-11.0.11\bin\api-ms-win-crt-conio-l1-1-0.dll
0x000001cbcf690000 - 0x000001cbcf694000 	C:\Program Files\Java\jdk-11.0.11\bin\api-ms-win-crt-convert-l1-1-0.dll
0x000001cbcf6a0000 - 0x000001cbcf6a3000 	C:\Program Files\Java\jdk-11.0.11\bin\api-ms-win-crt-environment-l1-1-0.dll
0x000001cbcf6b0000 - 0x000001cbcf6b3000 	C:\Program Files\Java\jdk-11.0.11\bin\api-ms-win-crt-filesystem-l1-1-0.dll
0x000001cbcf6c0000 - 0x000001cbcf6c3000 	C:\Program Files\Java\jdk-11.0.11\bin\api-ms-win-crt-heap-l1-1-0.dll
0x000001cbcf6d0000 - 0x000001cbcf6d3000 	C:\Program Files\Java\jdk-11.0.11\bin\api-ms-win-crt-locale-l1-1-0.dll
0x000001cbcf6e0000 - 0x000001cbcf6e5000 	C:\Program Files\Java\jdk-11.0.11\bin\api-ms-win-crt-math-l1-1-0.dll
0x000001cbcf6f0000 - 0x000001cbcf6f5000 	C:\Program Files\Java\jdk-11.0.11\bin\api-ms-win-crt-multibyte-l1-1-0.dll
0x000001cbcf700000 - 0x000001cbcf710000 	C:\Program Files\Java\jdk-11.0.11\bin\api-ms-win-crt-private-l1-1-0.dll
0x000001cbcf710000 - 0x000001cbcf713000 	C:\Program Files\Java\jdk-11.0.11\bin\api-ms-win-crt-process-l1-1-0.dll
0x000001cbcf720000 - 0x000001cbcf724000 	C:\Program Files\Java\jdk-11.0.11\bin\api-ms-win-crt-runtime-l1-1-0.dll
0x000001cbcf730000 - 0x000001cbcf734000 	C:\Program Files\Java\jdk-11.0.11\bin\api-ms-win-crt-stdio-l1-1-0.dll
0x000001cbcf740000 - 0x000001cbcf744000 	C:\Program Files\Java\jdk-11.0.11\bin\api-ms-win-crt-string-l1-1-0.dll
0x000001cbcf750000 - 0x000001cbcf753000 	C:\Program Files\Java\jdk-11.0.11\bin\api-ms-win-crt-time-l1-1-0.dll
0x000001cbcf760000 - 0x000001cbcf763000 	C:\Program Files\Java\jdk-11.0.11\bin\api-ms-win-crt-utility-l1-1-0.dll
0x00007ffebf7a0000 - 0x00007ffebf89a000 	C:\Program Files\Java\jdk-11.0.11\bin\ucrtbase.dll
0x00007ffec28d0000 - 0x00007ffec291e000 	C:\Windows\System32\concrt140.dll
0x00007ffeec3f0000 - 0x00007ffeec3fc000 	C:\Windows\SYSTEM32\VCRUNTIME140_1.dll
0x00007ffec8b80000 - 0x00007ffec8ba3000 	C:\Users\Marcin Belicki\.openjfx\cache\11\prism_d3d.dll
0x00007ffec7040000 - 0x00007ffec720e000 	C:\Windows\system32\d3d9.dll
0x00007ffefa420000 - 0x00007ffefa44f000 	C:\Windows\SYSTEM32\dwmapi.dll
0x00007ffefa230000 - 0x00007ffefa2ce000 	C:\Windows\system32\uxtheme.dll
0x00007ffef4370000 - 0x00007ffef4472000 	C:\Windows\System32\DriverStore\FileRepository\nv_dispi.inf_amd64_1c83a5d7cffd7bff\nvldumdx.dll
0x00007ffefc300000 - 0x00007ffefc312000 	C:\Windows\SYSTEM32\msasn1.dll
0x00007ffef4320000 - 0x00007ffef4351000 	C:\Windows\SYSTEM32\cryptnet.dll
0x00007ffefcf20000 - 0x00007ffefd076000 	C:\Windows\System32\CRYPT32.dll
0x00007ffefc0c0000 - 0x00007ffefc0cc000 	C:\Windows\SYSTEM32\cryptbase.dll
0x00007ffefcc80000 - 0x00007ffefcce0000 	C:\Windows\System32\WINTRUST.DLL
0x00007ffefdf70000 - 0x00007ffefdf8d000 	C:\Windows\System32\imagehlp.dll
0x00007ffefc0d0000 - 0x00007ffefc0e8000 	C:\Windows\SYSTEM32\CRYPTSP.dll
0x00007ffefb850000 - 0x00007ffefb884000 	C:\Windows\system32\rsaenh.dll
0x00007ffefcdf0000 - 0x00007ffefce17000 	C:\Windows\System32\bcrypt.dll
0x00007ffeae4c0000 - 0x00007ffeafedb000 	C:\Windows\System32\DriverStore\FileRepository\nv_dispi.inf_amd64_1c83a5d7cffd7bff\nvd3dumx.dll
0x000000006a910000 - 0x000000006a943000 	C:\Program Files\Java\jre7\bin\glass.dll
0x00007ffefd490000 - 0x00007ffefd56a000 	C:\Windows\System32\COMDLG32.dll
0x00007ffefe040000 - 0x00007ffefe16a000 	C:\Windows\System32\ole32.dll
0x00007ffefea00000 - 0x00007ffefeacd000 	C:\Windows\System32\OLEAUT32.dll
0x000000006a830000 - 0x000000006a902000 	C:\Windows\SYSTEM32\MSVCR100.dll
0x00007ffefead0000 - 0x00007ffefebe5000 	C:\Windows\System32\MSCTF.dll

dbghelp: loaded successfully - version: 4.0.5 - missing functions: none
symbol engine: initialized successfully - sym options: 0x614 - pdb path: .;C:\Program Files\Java\jdk-11.0.11\bin;C:\Windows\SYSTEM32;C:\Windows\WinSxS\amd64_microsoft.windows.common-controls_6595b64144ccf1df_6.0.19041.1110_none_60b5254171f9507e;C:\Program Files\Java\jdk-11.0.11\bin\server;C:\Program Files\JetBrains\IntelliJ IDEA Community Edition 2021.1\bin;C:\Users\Marcin Belicki\.openjfx\cache\11;C:\Windows\System32\DriverStore\FileRepository\nv_dispi.inf_amd64_1c83a5d7cffd7bff;C:\Program Files\Java\jre7\bin

VM Arguments:
jvm_args: -javaagent:C:\Program Files\JetBrains\IntelliJ IDEA Community Edition 2021.1\lib\idea_rt.jar=51657:C:\Program Files\JetBrains\IntelliJ IDEA Community Edition 2021.1\bin -Dfile.encoding=UTF-8 
java_command: classes.Presentation
java_class_path (initial): C:\Users\Marcin Belicki\Documents\informatyka\3\grafy,_geometria,_algorytmy\laboratorium\jadro_wielokata_prostego\target\scala-2.13\classes;C:\Users\Marcin Belicki\AppData\Local\Coursier\cache\v1\https\repo1.maven.org\maven2\org\openjfx\javafx-base\11\javafx-base-11.jar;C:\Users\Marcin Belicki\AppData\Local\Coursier\cache\v1\https\repo1.maven.org\maven2\org\openjfx\javafx-base\11\javafx-base-11-win.jar;C:\Users\Marcin Belicki\AppData\Local\Coursier\cache\v1\https\repo1.maven.org\maven2\org\openjfx\javafx-controls\11\javafx-controls-11.jar;C:\Users\Marcin Belicki\AppData\Local\Coursier\cache\v1\https\repo1.maven.org\maven2\org\openjfx\javafx-controls\11\javafx-controls-11-win.jar;C:\Users\Marcin Belicki\AppData\Local\Coursier\cache\v1\https\repo1.maven.org\maven2\org\openjfx\javafx-fxml\11\javafx-fxml-11-win.jar;C:\Users\Marcin Belicki\AppData\Local\Coursier\cache\v1\https\repo1.maven.org\maven2\org\openjfx\javafx-graphics\11\javafx-graphics-11.jar;C:\Users\Marcin Belicki\AppData\Local\Coursier\cache\v1\https\repo1.maven.org\maven2\org\openjfx\javafx-graphics\11\javafx-graphics-11-win.jar;C:\Users\Marcin Belicki\AppData\Local\Coursier\cache\v1\https\repo1.maven.org\maven2\org\openjfx\javafx-media\11\javafx-media-11.jar;C:\Users\Marcin Belicki\AppData\Local\Coursier\cache\v1\https\repo1.maven.org\maven2\org\openjfx\javafx-media\11\javafx-media-11-win.jar;C:\Users\Marcin Belicki\AppData\Local\Coursier\cache\v1\https\repo1.maven.org\maven2\org\openjfx\javafx-swing\11\javafx-swing-11-win.jar;C:\Users\Marcin Belicki\AppData\Local\Coursier\cache\v1\https\repo1.maven.org\maven2\org\openjfx\javafx-web\11\javafx-web-11-win.jar;C:\Users\Marcin Belicki\AppData\Local\Coursier\cache\v1\https\repo1.maven.org\maven2\org\scala-lang\scala-library\2.13.6\scala-library-2.13.6.jar;C:\Users\Marcin Belicki\AppData\Local\Coursier\cache\v1\https\repo1.maven.org\maven2\org\scala-lang\scala-reflect\2.13.6\scala-reflect-2.13.6.jar;C:\Users\Marcin Belicki\AppData\Lo
Launcher Type: SUN_STANDARD

[Global flags]
     intx CICompilerCount                          = 3                                         {product} {ergonomic}
     uint ConcGCThreads                            = 2                                         {product} {ergonomic}
     uint G1ConcRefinementThreads                  = 6                                         {product} {ergonomic}
   size_t G1HeapRegionSize                         = 1048576                                   {product} {ergonomic}
    uintx GCDrainStackTargetSize                   = 64                                        {product} {ergonomic}
   size_t InitialHeapSize                          = 268435456                                 {product} {ergonomic}
   size_t MarkStackSize                            = 4194304                                   {product} {ergonomic}
   size_t MaxHeapSize                              = 4278190080                                {product} {ergonomic}
   size_t MaxNewSize                               = 2566914048                                {product} {ergonomic}
   size_t MinHeapDeltaBytes                        = 1048576                                   {product} {ergonomic}
    uintx NonNMethodCodeHeapSize                   = 5830732                                {pd product} {ergonomic}
    uintx NonProfiledCodeHeapSize                  = 122913754                              {pd product} {ergonomic}
    uintx ProfiledCodeHeapSize                     = 122913754                              {pd product} {ergonomic}
    uintx ReservedCodeCacheSize                    = 251658240                              {pd product} {ergonomic}
     bool SegmentedCodeCache                       = true                                      {product} {ergonomic}
     bool UseCompressedClassPointers               = true                                 {lp64_product} {ergonomic}
     bool UseCompressedOops                        = true                                 {lp64_product} {ergonomic}
     bool UseG1GC                                  = true                                      {product} {ergonomic}
     bool UseLargePagesIndividualAllocation        = false                                  {pd product} {ergonomic}

Logging:
Log output configuration:
 #0: stdout all=warning uptime,level,tags
 #1: stderr all=off uptime,level,tags

Environment Variables:
JAVA_HOME=C:\Program Files\Java\jre7
PATH=C:\Program Files\Java\jdk1.8.0_291\bin;C:\Windows\system32;C:\Windows;C:\Windows\System32\Wbem;C:\Windows\System32\WindowsPowerShell\v1.0\;C:\ProgramData\chocolatey\bin;C:\Program Files\Git\cmd;C:\Program Files\PuTTY\;C:\Program Files (x86)\sbt\bin;C:\Program Files (x86)\Vim\vim82;C:\ProgramData\chocoportable\bin;C:\Program Files\MiKTeX\miktex\bin\x64\;C:\Program Files\Java\jre7\bin;C:\Program Files (x86)\scala\bin;C:\Program Files\MySQL\MySQL Shell 8.0\bin\;C:\Users\Marcin Belicki\AppData\Local\Microsoft\WindowsApps;C:\Users\Marcin Belicki\AppData\Roaming\cabal\bin;C:\tools\ghc-9.0.1\bin;C:\tools\msys64;C:\Users\Marcin Belicki\AppData\Local\Programs\Microsoft VS Code\bin;C:\Program Files\Java\jre1.8.0_291;C:\Program Files\Java\jdk-11.0.11;
USERNAME=Marcin Belicki
OS=Windows_NT
PROCESSOR_IDENTIFIER=Intel64 Family 6 Model 158 Stepping 10, GenuineIntel



---------------  S Y S T E M  ---------------

OS: Windows 10 , 64 bit Build 19041 (10.0.19041.1202)

CPU:total 6 (initial active 6) (6 cores per cpu, 1 threads per core) family 6 model 158 stepping 10 microcode 0xc6, cmov, cx8, fxsr, mmx, sse, sse2, sse3, ssse3, sse4.1, sse4.2, popcnt, avx, avx2, aes, clmul, erms, rtm, 3dnowpref, lzcnt, tsc, tscinvbit, bmi1, bmi2, adx, fma

Memory: 4k page, system-wide physical 16315M (7484M free)
TotalPageFile size 18747M (AvailPageFile size 4003M)
current process WorkingSet (physical memory assigned to process): 89M, peak: 89M
current process commit charge ("private bytes"): 360M, peak: 362M

vm_info: Java HotSpot(TM) 64-Bit Server VM (11.0.11+9-LTS-194) for windows-amd64 JRE (11.0.11+9-LTS-194), built on Mar 18 2021 18:46:53 by "mach5one" with MS VC++ 15.9 (VS2017)

END.
